[08-Jun-2019 20:47:17 Asia/Pyongyang] PHP Fatal error:  Allowed memory size of 134217728 bytes exhausted (tried to allocate 20480 bytes) in /var/www/html/api/checkBasketItems.php on line 30
[08-Jun-2019 20:54:55 Asia/Pyongyang] PHP Fatal error:  Allowed memory size of 134217728 bytes exhausted (tried to allocate 20480 bytes) in /var/www/html/api/checkBasketItems.php on line 30
[08-Jun-2019 21:58:45 Asia/Pyongyang] PHP Fatal error:  Allowed memory size of 134217728 bytes exhausted (tried to allocate 20480 bytes) in /var/www/html/api/checkBasketItems.php on line 30
[11-Jun-2019 16:07:02 Asia/Pyongyang] PHP Fatal error:  Allowed memory size of 134217728 bytes exhausted (tried to allocate 20480 bytes) in /var/www/html/api/checkBasketItems.php on line 30
[11-Jun-2019 16:08:01 Asia/Pyongyang] PHP Fatal error:  Allowed memory size of 134217728 bytes exhausted (tried to allocate 20480 bytes) in /var/www/html/api/checkBasketItems.php on line 30
[11-Jun-2019 16:23:33 Asia/Pyongyang] PHP Fatal error:  Allowed memory size of 134217728 bytes exhausted (tried to allocate 20480 bytes) in /var/www/html/api/checkBasketItems.php on line 30
[11-Jun-2019 16:23:46 Asia/Pyongyang] PHP Notice:  Undefined index: prodNumbArray in /var/www/html/api/checkBasketItems.php on line 10
[11-Jun-2019 16:23:46 Asia/Pyongyang] PHP Notice:  Undefined index: mallNameArray in /var/www/html/api/checkBasketItems.php on line 11
[11-Jun-2019 17:04:38 Asia/Pyongyang] PHP Fatal error:  Allowed memory size of 134217728 bytes exhausted (tried to allocate 20480 bytes) in /var/www/html/api/checkBasketItems.php on line 32
[11-Jun-2019 17:51:02 Asia/Pyongyang] PHP Fatal error:  Allowed memory size of 134217728 bytes exhausted (tried to allocate 20480 bytes) in /var/www/html/api/checkBasketItems.php on line 36
[11-Jun-2019 17:56:27 Asia/Pyongyang] PHP Notice:  Undefined index: prodNumbArray in /var/www/html/api/checkBasketItems.php on line 14
[11-Jun-2019 17:56:27 Asia/Pyongyang] PHP Notice:  Undefined index: mallNameArray in /var/www/html/api/checkBasketItems.php on line 15
[11-Jun-2019 18:03:11 Asia/Pyongyang] PHP Notice:  Undefined index: prodNumbArray in /var/www/html/api/checkBasketItems.php on line 14
[11-Jun-2019 18:03:11 Asia/Pyongyang] PHP Notice:  Undefined index: mallNameArray in /var/www/html/api/checkBasketItems.php on line 15
[11-Jun-2019 18:05:46 Asia/Pyongyang] PHP Warning:  count(): Parameter must be an array or an object that implements Countable in /var/www/html/api/checkBasketItems.php on line 55
[11-Jun-2019 18:05:46 Asia/Pyongyang] PHP Warning:  count(): Parameter must be an array or an object that implements Countable in /var/www/html/api/checkBasketItems.php on line 55
[11-Jun-2019 18:05:46 Asia/Pyongyang] PHP Warning:  count(): Parameter must be an array or an object that implements Countable in /var/www/html/api/checkBasketItems.php on line 55
[11-Jun-2019 18:08:49 Asia/Pyongyang] PHP Notice:  Undefined offset: 0 in /var/www/html/api/checkBasketItems.php on line 62
[11-Jun-2019 18:08:49 Asia/Pyongyang] PHP Notice:  Undefined offset: 0 in /var/www/html/api/checkBasketItems.php on line 63
[11-Jun-2019 18:08:49 Asia/Pyongyang] PHP Notice:  Undefined offset: 0 in /var/www/html/api/checkBasketItems.php on line 62
[11-Jun-2019 18:08:49 Asia/Pyongyang] PHP Notice:  Undefined offset: 0 in /var/www/html/api/checkBasketItems.php on line 63
[11-Jun-2019 18:08:49 Asia/Pyongyang] PHP Notice:  Undefined offset: 0 in /var/www/html/api/checkBasketItems.php on line 62
[11-Jun-2019 18:08:49 Asia/Pyongyang] PHP Notice:  Undefined offset: 0 in /var/www/html/api/checkBasketItems.php on line 63
[11-Jun-2019 18:11:08 Asia/Pyongyang] PHP Notice:  Undefined index: prodNumbArray in /var/www/html/api/checkBasketItems.php on line 14
[11-Jun-2019 18:11:08 Asia/Pyongyang] PHP Notice:  Undefined index: mallNameArray in /var/www/html/api/checkBasketItems.php on line 15
[11-Jun-2019 18:16:53 Asia/Pyongyang] PHP Notice:  Undefined index: prodNumbArray in /var/www/html/api/checkBasketItems.php on line 12
[11-Jun-2019 18:16:53 Asia/Pyongyang] PHP Notice:  Undefined index: mallNameArray in /var/www/html/api/checkBasketItems.php on line 13
[11-Jun-2019 18:25:03 Asia/Pyongyang] PHP Notice:  Undefined index: prodNumbArray in /var/www/html/api/checkBasketItems.php on line 14
[11-Jun-2019 18:25:03 Asia/Pyongyang] PHP Notice:  Undefined index: mallNameArray in /var/www/html/api/checkBasketItems.php on line 15
[11-Jun-2019 18:26:53 Asia/Pyongyang] PHP Notice:  Undefined index: prodNumbArray in /var/www/html/api/checkBasketItems.php on line 14
[11-Jun-2019 18:26:53 Asia/Pyongyang] PHP Notice:  Undefined index: mallNameArray in /var/www/html/api/checkBasketItems.php on line 15
[11-Jun-2019 18:30:59 Asia/Pyongyang] PHP Notice:  Undefined index: prodNumbArray in /var/www/html/api/checkBasketItems.php on line 14
[11-Jun-2019 18:30:59 Asia/Pyongyang] PHP Notice:  Undefined index: mallNameArray in /var/www/html/api/checkBasketItems.php on line 15
[11-Jun-2019 18:38:14 Asia/Pyongyang] PHP Notice:  Undefined index: prodNumbArray in /var/www/html/api/checkBasketItems.php on line 14
[11-Jun-2019 18:38:14 Asia/Pyongyang] PHP Notice:  Undefined index: mallNameArray in /var/www/html/api/checkBasketItems.php on line 15
[11-Jun-2019 18:53:00 Asia/Pyongyang] PHP Notice:  Undefined index: prodNumbArray in /var/www/html/api/checkBasketItems.php on line 14
[11-Jun-2019 18:53:00 Asia/Pyongyang] PHP Notice:  Undefined index: mallNameArray in /var/www/html/api/checkBasketItems.php on line 15
[18-Jun-2019 19:10:03 Asia/Pyongyang] PHP Notice:  Undefined index: orderData in /var/www/html/api/getOrder.php on line 2
[18-Jun-2019 19:14:52 Asia/Pyongyang] PHP Notice:  Undefined index: orderData in /var/www/html/api/getOrder.php on line 2
[18-Jun-2019 20:21:42 Asia/Pyongyang] PHP Notice:  Array to string conversion in /var/www/html/api/getOrder.php on line 7
[18-Jun-2019 20:33:19 Asia/Pyongyang] PHP Fatal error:  Uncaught Error: Cannot use object of type stdClass as array in /var/www/html/api/getOrder.php:8
Stack trace:
#0 {main}
  thrown in /var/www/html/api/getOrder.php on line 8
[18-Jun-2019 20:33:51 Asia/Pyongyang] PHP Fatal error:  Uncaught Error: Cannot use object of type stdClass as array in /var/www/html/api/getOrder.php:8
Stack trace:
#0 {main}
  thrown in /var/www/html/api/getOrder.php on line 8
[18-Jun-2019 20:36:27 Asia/Pyongyang] PHP Fatal error:  Uncaught Error: Cannot use object of type stdClass as array in /var/www/html/api/getOrder.php:8
Stack trace:
#0 {main}
  thrown in /var/www/html/api/getOrder.php on line 8
[18-Jun-2019 20:38:31 Asia/Pyongyang] PHP Fatal error:  Uncaught Error: Cannot use object of type stdClass as array in /var/www/html/api/getOrder.php:8
Stack trace:
#0 {main}
  thrown in /var/www/html/api/getOrder.php on line 8
[18-Jun-2019 20:41:32 Asia/Pyongyang] PHP Notice:  Array to string conversion in /var/www/html/api/getOrder.php on line 8
[19-Jun-2019 12:16:26 Asia/Pyongyang] PHP Notice:  Undefined variable: var in /var/www/html/test/php_python.php on line 52
[19-Jun-2019 12:16:41 Asia/Pyongyang] PHP Warning:  Illegal string offset 'selectedItems' in /var/www/html/api/getOrder.php on line 18
[19-Jun-2019 12:16:41 Asia/Pyongyang] PHP Notice:  Uninitialized string offset: 1 in /var/www/html/api/getOrder.php on line 18
[19-Jun-2019 12:16:41 Asia/Pyongyang] PHP Warning:  Illegal string offset 'buyer_name' in /var/www/html/api/getOrder.php on line 19
[19-Jun-2019 12:18:48 Asia/Pyongyang] PHP Notice:  Array to string conversion in /var/www/html/api/getOrder.php on line 19
[19-Jun-2019 12:46:01 Asia/Pyongyang] PHP Parse error:  syntax error, unexpected '"' (T_CONSTANT_ENCAPSED_STRING) in /var/www/html/api/getOrder.php on line 18
[21-Jun-2019 15:54:44 Asia/Pyongyang] PHP Notice:  Undefined variable: var in /var/www/html/test/php_python.php on line 52
[21-Jun-2019 15:54:54 Asia/Pyongyang] PHP Notice:  Undefined index: orderData in /var/www/html/api/getOrder.php on line 2
[26-Jun-2019 12:46:26 Asia/Pyongyang] PHP Notice:  Undefined variable: var in /var/www/html/test/php_python.php on line 52
[27-Jun-2019 15:34:44 Asia/Pyongyang] PHP Notice:  Undefined variable: var in /var/www/html/test/php_python.php on line 52
[27-Jun-2019 15:52:53 Asia/Pyongyang] PHP Parse error:  syntax error, unexpected '?>', expecting ',' or ')' in /var/www/html/api/getMallOrderList.php on line 24
[28-Jun-2019 23:21:42 Asia/Pyongyang] PHP Notice:  Array to string conversion in /var/www/html/api/sendMallOrderList.php on line 11
[28-Jun-2019 23:50:10 Asia/Pyongyang] PHP Warning:  Use of undefined constant i - assumed 'i' (this will throw an Error in a future version of PHP) in /var/www/html/api/sendMallOrderList.php on line 15
[28-Jun-2019 23:50:10 Asia/Pyongyang] PHP Notice:  Undefined index: i in /var/www/html/api/sendMallOrderList.php on line 15
[28-Jun-2019 23:50:10 Asia/Pyongyang] PHP Warning:  Use of undefined constant i - assumed 'i' (this will throw an Error in a future version of PHP) in /var/www/html/api/sendMallOrderList.php on line 16
[28-Jun-2019 23:50:10 Asia/Pyongyang] PHP Notice:  Undefined index: i in /var/www/html/api/sendMallOrderList.php on line 16
[28-Jun-2019 23:50:10 Asia/Pyongyang] PHP Warning:  Use of undefined constant i - assumed 'i' (this will throw an Error in a future version of PHP) in /var/www/html/api/sendMallOrderList.php on line 15
[28-Jun-2019 23:50:10 Asia/Pyongyang] PHP Notice:  Undefined index: i in /var/www/html/api/sendMallOrderList.php on line 15
[28-Jun-2019 23:50:10 Asia/Pyongyang] PHP Warning:  Use of undefined constant i - assumed 'i' (this will throw an Error in a future version of PHP) in /var/www/html/api/sendMallOrderList.php on line 16
[28-Jun-2019 23:50:10 Asia/Pyongyang] PHP Notice:  Undefined index: i in /var/www/html/api/sendMallOrderList.php on line 16
[28-Jun-2019 23:50:10 Asia/Pyongyang] PHP Warning:  Use of undefined constant i - assumed 'i' (this will throw an Error in a future version of PHP) in /var/www/html/api/sendMallOrderList.php on line 15
[28-Jun-2019 23:50:10 Asia/Pyongyang] PHP Notice:  Undefined index: i in /var/www/html/api/sendMallOrderList.php on line 15
[28-Jun-2019 23:50:10 Asia/Pyongyang] PHP Warning:  Use of undefined constant i - assumed 'i' (this will throw an Error in a future version of PHP) in /var/www/html/api/sendMallOrderList.php on line 16
[28-Jun-2019 23:50:10 Asia/Pyongyang] PHP Notice:  Undefined index: i in /var/www/html/api/sendMallOrderList.php on line 16
[28-Jun-2019 23:53:18 Asia/Pyongyang] PHP Warning:  Use of undefined constant i - assumed 'i' (this will throw an Error in a future version of PHP) in /var/www/html/api/sendMallOrderList.php on line 19
[28-Jun-2019 23:53:18 Asia/Pyongyang] PHP Notice:  Undefined index: i in /var/www/html/api/sendMallOrderList.php on line 19
[28-Jun-2019 23:53:18 Asia/Pyongyang] PHP Warning:  Use of undefined constant i - assumed 'i' (this will throw an Error in a future version of PHP) in /var/www/html/api/sendMallOrderList.php on line 20
[28-Jun-2019 23:53:18 Asia/Pyongyang] PHP Notice:  Undefined index: i in /var/www/html/api/sendMallOrderList.php on line 20
[28-Jun-2019 23:53:18 Asia/Pyongyang] PHP Warning:  Use of undefined constant i - assumed 'i' (this will throw an Error in a future version of PHP) in /var/www/html/api/sendMallOrderList.php on line 19
[28-Jun-2019 23:53:18 Asia/Pyongyang] PHP Notice:  Undefined index: i in /var/www/html/api/sendMallOrderList.php on line 19
[28-Jun-2019 23:53:18 Asia/Pyongyang] PHP Warning:  Use of undefined constant i - assumed 'i' (this will throw an Error in a future version of PHP) in /var/www/html/api/sendMallOrderList.php on line 20
[28-Jun-2019 23:53:18 Asia/Pyongyang] PHP Notice:  Undefined index: i in /var/www/html/api/sendMallOrderList.php on line 20
[28-Jun-2019 23:53:18 Asia/Pyongyang] PHP Warning:  Use of undefined constant i - assumed 'i' (this will throw an Error in a future version of PHP) in /var/www/html/api/sendMallOrderList.php on line 19
[28-Jun-2019 23:53:18 Asia/Pyongyang] PHP Notice:  Undefined index: i in /var/www/html/api/sendMallOrderList.php on line 19
[28-Jun-2019 23:53:18 Asia/Pyongyang] PHP Warning:  Use of undefined constant i - assumed 'i' (this will throw an Error in a future version of PHP) in /var/www/html/api/sendMallOrderList.php on line 20
[28-Jun-2019 23:53:18 Asia/Pyongyang] PHP Notice:  Undefined index: i in /var/www/html/api/sendMallOrderList.php on line 20
........................
[29-Jun-2019 00:10:39 Asia/Pyongyang] PHP Notice:  Undefined variable: mallOrderList in /var/www/html/api/sendMallOrderList.php on line 21
[29-Jun-2019 00:10:39 Asia/Pyongyang] PHP Warning:  count(): Parameter must be an array or an object that implements Countable in /var/www/html/api/sendMallOrderList.php on line 21
////////////////////////////
[09-Jul-2019 18:55:19 Asia/Pyongyang] PHP Notice:  Undefined index: filter in /var/www/html/api/sendAdminOrderList.php on line 4
[09-Jul-2019 19:11:40 Asia/Pyongyang] PHP Notice:  Undefined index: filter in /var/www/html/api/sendAdminOrderList.php on line 4
[09-Jul-2019 19:17:18 Asia/Pyongyang] PHP Notice:  Undefined index: filter in /var/www/html/api/sendAdminOrderList.php on line 4
[09-Jul-2019 19:17:44 Asia/Pyongyang] PHP Notice:  Undefined index: filter in /var/www/html/api/sendAdminOrderList.php on line 4
[09-Jul-2019 19:20:01 Asia/Pyongyang] PHP Notice:  Undefined index: filter in /var/www/html/api/sendAdminOrderList.php on line 4
[09-Jul-2019 19:22:04 Asia/Pyongyang] PHP Notice:  Undefined index: filter in /var/www/html/api/sendAdminOrderList.php on line 4
[09-Jul-2019 19:26:28 Asia/Pyongyang] PHP Notice:  Undefined index: filter in /var/www/html/api/sendAdminOrderList.php on line 4
.................................
[09-Jul-2019 19:33:00 Asia/Pyongyang] PHP Notice:  Undefined index: filter in /var/www/html/api/sendAdminOrderList.php on line 4
[09-Jul-2019 19:36:44 Asia/Pyongyang] PHP Notice:  Undefined index: filter in /var/www/html/api/sendAdminOrderList.php on line 4
[09-Jul-2019 20:02:21 Asia/Pyongyang] PHP Notice:  Undefined index: filter in /var/www/html/api/sendAdminOrderList.php on line 4
[09-Jul-2019 20:20:21 Asia/Pyongyang] PHP Fatal error:  Uncaught PDOException: SQLSTATE[42S22]: Column not found: 1054 Unknown column 'serId' in 'field list' in /var/www/html/api/sendAdminOneOrder.php:10
Stack trace:
#0 /var/www/html/api/sendAdminOneOrder.php(10): PDO->prepare('SELECT serId, u...')
#1 {main}
  thrown in /var/www/html/api/sendAdminOneOrder.php on line 10
[09-Jul-2019 20:25:10 Asia/Pyongyang] PHP Notice:  Undefined index: filter in /var/www/html/api/sendAdminOrderList.php on line 4
[10-Jul-2019 13:46:28 Asia/Pyongyang] PHP Notice:  Undefined index: filter in /var/www/html/api/sendAdminOrderList.php on line 4
[10-Jul-2019 13:48:04 Asia/Pyongyang] PHP Notice:  Undefined index: filter in /var/www/html/api/sendAdminOrderList.php on line 4
[10-Jul-2019 14:17:29 Asia/Pyongyang] PHP Notice:  Undefined variable: var in /var/www/html/test/php_python.php on line 52
[10-Jul-2019 14:36:09 Asia/Pyongyang] PHP Notice:  Undefined index: filter in /var/www/html/api/sendAdminOrderList.php on line 4
[10-Jul-2019 15:23:50 Asia/Pyongyang] PHP Notice:  Undefined index: filter in /var/www/html/api/sendAdminOrderList.php on line 4
[10-Jul-2019 15:24:54 Asia/Pyongyang] PHP Notice:  Undefined index: filter in /var/www/html/api/sendAdminOrderList.php on line 4
[10-Jul-2019 15:25:36 Asia/Pyongyang] PHP Notice:  Undefined index: filter in /var/www/html/api/sendAdminOrderList.php on line 4
[10-Jul-2019 15:28:10 Asia/Pyongyang] PHP Notice:  Undefined index: filter in /var/www/html/api/sendAdminOrderList.php on line 4
[10-Jul-2019 15:33:27 Asia/Pyongyang] PHP Notice:  Undefined index: filter in /var/www/html/api/sendAdminOrderList.php on line 4
[10-Jul-2019 15:35:08 Asia/Pyongyang] PHP Notice:  Undefined index: filter in /var/www/html/api/sendAdminOrderList.php on line 4
[10-Jul-2019 15:37:11 Asia/Pyongyang] PHP Notice:  Undefined index: filter in /var/www/html/api/sendAdminOrderList.php on line 4
[10-Jul-2019 15:38:43 Asia/Pyongyang] PHP Notice:  Undefined index: filter in /var/www/html/api/sendAdminOrderList.php on line 4
[10-Jul-2019 15:40:23 Asia/Pyongyang] PHP Notice:  Undefined index: filter in /var/www/html/api/sendAdminOrderList.php on line 4
[10-Jul-2019 15:43:47 Asia/Pyongyang] PHP Notice:  Undefined index: filter in /var/www/html/api/sendAdminOrderList.php on line 4
[10-Jul-2019 15:53:31 Asia/Pyongyang] PHP Notice:  Undefined index: filter in /var/www/html/api/sendAdminOrderList.php on line 4
[10-Jul-2019 16:24:45 Asia/Pyongyang] PHP Notice:  Undefined index: filter in /var/www/html/api/sendAdminOrderList.php on line 4

////////////////////////
[10-Jul-2019 16:47:21 Asia/Pyongyang] PHP Fatal error:  Uncaught Error: Cannot pass parameter 2 by reference in /var/www/html/api/updateOrderInfo.php:13
Stack trace:
#0 {main}
  thrown in /var/www/html/api/updateOrderInfo.php on line 13
[10-Jul-2019 16:48:18 Asia/Pyongyang] PHP Fatal error:  Uncaught Error: Cannot pass parameter 2 by reference in /var/www/html/api/updateOrderInfo.php:13
Stack trace:
#0 {main}
  thrown in /var/www/html/api/updateOrderInfo.php on line 13
[10-Jul-2019 16:48:21 Asia/Pyongyang] PHP Fatal error:  Uncaught Error: Cannot pass parameter 2 by reference in /var/www/html/api/updateOrderInfo.php:13
Stack trace:
#0 {main}
  thrown in /var/www/html/api/updateOrderInfo.php on line 13
[10-Jul-2019 16:48:23 Asia/Pyongyang] PHP Fatal error:  Uncaught Error: Cannot pass parameter 2 by reference in /var/www/html/api/updateOrderInfo.php:13
Stack trace:
#0 {main}
  thrown in /var/www/html/api/updateOrderInfo.php on line 13
[10-Jul-2019 16:48:36 Asia/Pyongyang] PHP Fatal error:  Uncaught Error: Cannot pass parameter 2 by reference in /var/www/html/api/updateOrderInfo.php:13
Stack trace:
#0 {main}
  thrown in /var/www/html/api/updateOrderInfo.php on line 13
[10-Jul-2019 18:13:27 Asia/Pyongyang] PHP Notice:  Undefined index: filter in /var/www/html/api/sendAdminOrderList.php on line 4
[10-Jul-2019 18:14:54 Asia/Pyongyang] PHP Notice:  Undefined index: filter in /var/www/html/api/sendAdminOrderList.php on line 4
[10-Jul-2019 18:16:04 Asia/Pyongyang] PHP Notice:  Undefined index: filter in /var/www/html/api/sendAdminOrderList.php on line 4
[10-Jul-2019 18:16:12 Asia/Pyongyang] PHP Notice:  Undefined index: filter in /var/www/html/api/sendAdminOrderList.php on line 4
[10-Jul-2019 18:48:17 Asia/Pyongyang] PHP Notice:  Undefined index: filter in /var/www/html/api/sendAdminOrderList.php on line 4
[11-Jul-2019 13:53:56 Asia/Pyongyang] PHP Notice:  Undefined index: filter in /var/www/html/api/sendAdminOrderList.php on line 4
[12-Jul-2019 12:23:15 Asia/Pyongyang] PHP Notice:  Undefined index: keyword in /var/www/html/api/sendAdminFilteredUserInfo.php on line 16
[12-Jul-2019 12:23:15 Asia/Pyongyang] PHP Notice:  Undefined index: filter in /var/www/html/api/sendAdminFilteredUserInfo.php on line 17
[12-Jul-2019 12:28:47 Asia/Pyongyang] PHP Notice:  Undefined variable: query in /var/www/html/api/sendAdminFilteredUserInfo.php on line 44
[12-Jul-2019 12:28:47 Asia/Pyongyang] PHP Fatal error:  Uncaught PDOException: SQLSTATE[42000]: Syntax error or access violation: 1065 Query was empty in /var/www/html/api/sendAdminFilteredUserInfo.php:44
Stack trace:
#0 /var/www/html/api/sendAdminFilteredUserInfo.php(44): PDO->prepare('')
#1 {main}
  thrown in /var/www/html/api/sendAdminFilteredUserInfo.php on line 44
[12-Jul-2019 13:12:14 Asia/Pyongyang] PHP Notice:  Undefined index: filter in /var/www/html/api/sendAdminOrderList.php on line 4
[12-Jul-2019 13:16:20 Asia/Pyongyang] PHP Notice:  Undefined index: keyword in /var/www/html/api/sendAdminFilteredUserInfo.php on line 13
[12-Jul-2019 13:16:20 Asia/Pyongyang] PHP Notice:  Undefined index: filter in /var/www/html/api/sendAdminFilteredUserInfo.php on line 14
[12-Jul-2019 13:18:21 Asia/Pyongyang] PHP Notice:  Undefined index: keyword in /var/www/html/api/sendAdminFilteredUserInfo.php on line 13
[12-Jul-2019 13:18:21 Asia/Pyongyang] PHP Notice:  Undefined index: filter in /var/www/html/api/sendAdminFilteredUserInfo.php on line 14
[12-Jul-2019 13:21:18 Asia/Pyongyang] PHP Notice:  Undefined index: keyword in /var/www/html/api/sendAdminFilteredUserInfo.php on line 13
[12-Jul-2019 13:21:18 Asia/Pyongyang] PHP Notice:  Undefined index: filter in /var/www/html/api/sendAdminFilteredUserInfo.php on line 14
[12-Jul-2019 13:24:19 Asia/Pyongyang] PHP Notice:  Undefined index: keyword in /var/www/html/api/sendAdminFilteredUserInfo.php on line 13
[12-Jul-2019 13:24:19 Asia/Pyongyang] PHP Notice:  Undefined index: filter in /var/www/html/api/sendAdminFilteredUserInfo.php on line 14
[12-Jul-2019 13:26:06 Asia/Pyongyang] PHP Notice:  Undefined index: keyword in /var/www/html/api/sendAdminFilteredUserInfo.php on line 13
[12-Jul-2019 13:26:06 Asia/Pyongyang] PHP Notice:  Undefined index: filter in /var/www/html/api/sendAdminFilteredUserInfo.php on line 14
[12-Jul-2019 13:27:29 Asia/Pyongyang] PHP Notice:  Undefined index: keyword in /var/www/html/api/sendAdminFilteredUserInfo.php on line 13
[12-Jul-2019 13:27:29 Asia/Pyongyang] PHP Notice:  Undefined index: filter in /var/www/html/api/sendAdminFilteredUserInfo.php on line 14
[12-Jul-2019 13:31:45 Asia/Pyongyang] PHP Notice:  Undefined index: keyword in /var/www/html/api/sendAdminFilteredUserInfo.php on line 13
[12-Jul-2019 13:31:45 Asia/Pyongyang] PHP Notice:  Undefined index: filter in /var/www/html/api/sendAdminFilteredUserInfo.php on line 14
[12-Jul-2019 14:03:49 Asia/Pyongyang] PHP Notice:  Undefined index: keyword in /var/www/html/api/sendAdminFilteredUserInfo.php on line 13
[12-Jul-2019 14:03:49 Asia/Pyongyang] PHP Notice:  Undefined index: filter in /var/www/html/api/sendAdminFilteredUserInfo.php on line 14
[12-Jul-2019 14:04:10 Asia/Pyongyang] PHP Notice:  Undefined index: keyword in /var/www/html/api/sendAdminFilteredUserInfo.php on line 13
[12-Jul-2019 14:04:10 Asia/Pyongyang] PHP Notice:  Undefined index: filter in /var/www/html/api/sendAdminFilteredUserInfo.php on line 14
[12-Jul-2019 14:09:05 Asia/Pyongyang] PHP Notice:  Undefined index: keyword in /var/www/html/api/sendAdminFilteredUserInfo.php on line 13
[12-Jul-2019 14:09:05 Asia/Pyongyang] PHP Notice:  Undefined index: filter in /var/www/html/api/sendAdminFilteredUserInfo.php on line 14
[12-Jul-2019 14:09:34 Asia/Pyongyang] PHP Notice:  Undefined index: keyword in /var/www/html/api/sendAdminFilteredUserInfo.php on line 13
[12-Jul-2019 14:09:34 Asia/Pyongyang] PHP Notice:  Undefined index: filter in /var/www/html/api/sendAdminFilteredUserInfo.php on line 14
[12-Jul-2019 14:10:09 Asia/Pyongyang] PHP Notice:  Undefined index: keyword in /var/www/html/api/sendAdminFilteredUserInfo.php on line 13
[12-Jul-2019 14:10:09 Asia/Pyongyang] PHP Notice:  Undefined index: filter in /var/www/html/api/sendAdminFilteredUserInfo.php on line 14
[12-Jul-2019 14:10:51 Asia/Pyongyang] PHP Notice:  Undefined index: keyword in /var/www/html/api/sendAdminFilteredUserInfo.php on line 13
[12-Jul-2019 14:10:51 Asia/Pyongyang] PHP Notice:  Undefined index: filter in /var/www/html/api/sendAdminFilteredUserInfo.php on line 14
[12-Jul-2019 14:15:29 Asia/Pyongyang] PHP Notice:  Undefined index: keyword in /var/www/html/api/sendAdminFilteredUserInfo.php on line 13
[12-Jul-2019 14:15:29 Asia/Pyongyang] PHP Notice:  Undefined index: filter in /var/www/html/api/sendAdminFilteredUserInfo.php on line 14
[12-Jul-2019 14:16:59 Asia/Pyongyang] PHP Notice:  Undefined index: keyword in /var/www/html/api/sendAdminFilteredUserInfo.php on line 13
[12-Jul-2019 14:16:59 Asia/Pyongyang] PHP Notice:  Undefined index: filter in /var/www/html/api/sendAdminFilteredUserInfo.php on line 14
[12-Jul-2019 14:20:19 Asia/Pyongyang] PHP Notice:  Undefined index: keyword in /var/www/html/api/sendAdminFilteredUserInfo.php on line 13
[12-Jul-2019 14:20:19 Asia/Pyongyang] PHP Notice:  Undefined index: filter in /var/www/html/api/sendAdminFilteredUserInfo.php on line 14
[12-Jul-2019 14:29:01 Asia/Pyongyang] PHP Notice:  Undefined index: keyword in /var/www/html/api/sendAdminFilteredUserInfo.php on line 13
[12-Jul-2019 14:29:01 Asia/Pyongyang] PHP Notice:  Undefined index: filter in /var/www/html/api/sendAdminFilteredUserInfo.php on line 14
[12-Jul-2019 14:47:54 Asia/Pyongyang] PHP Notice:  Undefined index: keyword in /var/www/html/api/sendAdminFilteredUserInfo.php on line 13
[12-Jul-2019 14:47:54 Asia/Pyongyang] PHP Notice:  Undefined index: filter in /var/www/html/api/sendAdminFilteredUserInfo.php on line 14
[12-Jul-2019 17:05:22 Asia/Pyongyang] PHP Fatal error:  Uncaught PDOException: SQLSTATE[HY000]: General error: 2031  in /var/www/html/api/sendAdminOneUserInfo.php:34
Stack trace:
#0 /var/www/html/api/sendAdminOneUserInfo.php(34): PDOStatement->execute()
#1 {main}
  thrown in /var/www/html/api/sendAdminOneUserInfo.php on line 34
[12-Jul-2019 17:06:12 Asia/Pyongyang] PHP Notice:  Array to string conversion in /var/www/html/api/sendAdminOneUserInfo.php on line 40
[12-Jul-2019 17:06:12 Asia/Pyongyang] PHP Warning:  count(): Parameter must be an array or an object that implements Countable in /var/www/html/api/sendAdminOneUserInfo.php on line 51
[12-Jul-2019 17:06:12 Asia/Pyongyang] PHP Warning:  Use of undefined constant i - assumed 'i' (this will throw an Error in a future version of PHP) in /var/www/html/api/sendAdminOneUserInfo.php on line 52
[12-Jul-2019 17:06:12 Asia/Pyongyang] PHP Notice:  Undefined index: i in /var/www/html/api/sendAdminOneUserInfo.php on line 52
[12-Jul-2019 17:06:12 Asia/Pyongyang] PHP Warning:  count(): Parameter must be an array or an object that implements Countable in /var/www/html/api/sendAdminOneUserInfo.php on line 51
[12-Jul-2019 17:08:50 Asia/Pyongyang] PHP Notice:  Undefined index: id in /var/www/html/api/sendAdminOneUserInfo.php on line 40
[12-Jul-2019 17:08:50 Asia/Pyongyang] PHP Notice:  Undefined index: userEmail in /var/www/html/api/sendAdminOneUserInfo.php on line 41
[12-Jul-2019 17:08:50 Asia/Pyongyang] PHP Notice:  Undefined index: userName in /var/www/html/api/sendAdminOneUserInfo.php on line 42
[12-Jul-2019 17:08:50 Asia/Pyongyang] PHP Notice:  Undefined index: userNickname in /var/www/html/api/sendAdminOneUserInfo.php on line 43
[12-Jul-2019 17:13:30 Asia/Pyongyang] PHP Warning:  count(): Parameter must be an array or an object that implements Countable in /var/www/html/api/sendAdminOneUserInfo.php on line 56
[12-Jul-2019 17:13:30 Asia/Pyongyang] PHP Warning:  Use of undefined constant i - assumed 'i' (this will throw an Error in a future version of PHP) in /var/www/html/api/sendAdminOneUserInfo.php on line 57
[12-Jul-2019 17:13:30 Asia/Pyongyang] PHP Notice:  Undefined index: i in /var/www/html/api/sendAdminOneUserInfo.php on line 57
[12-Jul-2019 17:13:30 Asia/Pyongyang] PHP Warning:  count(): Parameter must be an array or an object that implements Countable in /var/www/html/api/sendAdminOneUserInfo.php on line 56
[12-Jul-2019 17:19:55 Asia/Pyongyang] PHP Warning:  count(): Parameter must be an array or an object that implements Countable in /var/www/html/api/sendAdminOneUserInfo.php on line 60
[12-Jul-2019 17:19:55 Asia/Pyongyang] PHP Notice:  Undefined index: finalBill in /var/www/html/api/sendAdminOneUserInfo.php on line 61
[12-Jul-2019 17:19:55 Asia/Pyongyang] PHP Warning:  count(): Parameter must be an array or an object that implements Countable in /var/www/html/api/sendAdminOneUserInfo.php on line 60
[12-Jul-2019 17:20:34 Asia/Pyongyang] PHP Notice:  Undefined index: finalBill in /var/www/html/api/sendAdminOneUserInfo.php on line 61
[12-Jul-2019 17:20:34 Asia/Pyongyang] PHP Notice:  Undefined index: finalBill in /var/www/html/api/sendAdminOneUserInfo.php on line 61
[12-Jul-2019 17:20:34 Asia/Pyongyang] PHP Notice:  Undefined index: finalBill in /var/www/html/api/sendAdminOneUserInfo.php on line 61
[12-Jul-2019 17:20:34 Asia/Pyongyang] PHP Notice:  Undefined index: finalBill in /var/www/html/api/sendAdminOneUserInfo.php on line 61
[12-Jul-2019 17:20:34 Asia/Pyongyang] PHP Notice:  Undefined index: finalBill in /var/www/html/api/sendAdminOneUserInfo.php on line 61
[12-Jul-2019 17:20:34 Asia/Pyongyang] PHP Notice:  Undefined index: finalBill in /var/www/html/api/sendAdminOneUserInfo.php on line 61
[12-Jul-2019 17:20:34 Asia/Pyongyang] PHP Notice:  Undefined index: finalBill in /var/www/html/api/sendAdminOneUserInfo.php on line 61
[12-Jul-2019 17:20:34 Asia/Pyongyang] PHP Notice:  Undefined index: finalBill in /var/www/html/api/sendAdminOneUserInfo.php on line 61
[12-Jul-2019 17:20:34 Asia/Pyongyang] PHP Notice:  Undefined index: finalBill in /var/www/html/api/sendAdminOneUserInfo.php on line 61
[12-Jul-2019 17:20:34 Asia/Pyongyang] PHP Notice:  Undefined index: finalBill in /var/www/html/api/sendAdminOneUserInfo.php on line 61
[12-Jul-2019 17:21:45 Asia/Pyongyang] PHP Notice:  Undefined index: finalBill in /var/www/html/api/sendAdminOneUserInfo.php on line 61
[12-Jul-2019 17:21:45 Asia/Pyongyang] PHP Notice:  Undefined index: finalBill in /var/www/html/api/sendAdminOneUserInfo.php on line 62
[12-Jul-2019 17:21:45 Asia/Pyongyang] PHP Notice:  Undefined index: finalBill in /var/www/html/api/sendAdminOneUserInfo.php on line 61
[12-Jul-2019 17:21:45 Asia/Pyongyang] PHP Notice:  Undefined index: finalBill in /var/www/html/api/sendAdminOneUserInfo.php on line 62
[12-Jul-2019 17:21:45 Asia/Pyongyang] PHP Notice:  Undefined index: finalBill in /var/www/html/api/sendAdminOneUserInfo.php on line 61
[12-Jul-2019 17:21:45 Asia/Pyongyang] PHP Notice:  Undefined index: finalBill in /var/www/html/api/sendAdminOneUserInfo.php on line 62
[12-Jul-2019 17:21:45 Asia/Pyongyang] PHP Notice:  Undefined index: finalBill in /var/www/html/api/sendAdminOneUserInfo.php on line 61
[12-Jul-2019 17:21:45 Asia/Pyongyang] PHP Notice:  Undefined index: finalBill in /var/www/html/api/sendAdminOneUserInfo.php on line 62
[12-Jul-2019 17:21:45 Asia/Pyongyang] PHP Notice:  Undefined index: finalBill in /var/www/html/api/sendAdminOneUserInfo.php on line 61
[12-Jul-2019 17:21:45 Asia/Pyongyang] PHP Notice:  Undefined index: finalBill in /var/www/html/api/sendAdminOneUserInfo.php on line 62
[12-Jul-2019 17:21:45 Asia/Pyongyang] PHP Notice:  Undefined index: finalBill in /var/www/html/api/sendAdminOneUserInfo.php on line 61
[12-Jul-2019 17:21:45 Asia/Pyongyang] PHP Notice:  Undefined index: finalBill in /var/www/html/api/sendAdminOneUserInfo.php on line 62
[12-Jul-2019 17:21:45 Asia/Pyongyang] PHP Notice:  Undefined index: finalBill in /var/www/html/api/sendAdminOneUserInfo.php on line 61
[12-Jul-2019 17:21:45 Asia/Pyongyang] PHP Notice:  Undefined index: finalBill in /var/www/html/api/sendAdminOneUserInfo.php on line 62
[12-Jul-2019 17:21:45 Asia/Pyongyang] PHP Notice:  Undefined index: finalBill in /var/www/html/api/sendAdminOneUserInfo.php on line 61
[12-Jul-2019 17:21:45 Asia/Pyongyang] PHP Notice:  Undefined index: finalBill in /var/www/html/api/sendAdminOneUserInfo.php on line 62
[12-Jul-2019 17:21:45 Asia/Pyongyang] PHP Notice:  Undefined index: finalBill in /var/www/html/api/sendAdminOneUserInfo.php on line 61
[12-Jul-2019 17:21:45 Asia/Pyongyang] PHP Notice:  Undefined index: finalBill in /var/www/html/api/sendAdminOneUserInfo.php on line 62
[12-Jul-2019 17:21:45 Asia/Pyongyang] PHP Notice:  Undefined index: finalBill in /var/www/html/api/sendAdminOneUserInfo.php on line 61
[12-Jul-2019 17:21:45 Asia/Pyongyang] PHP Notice:  Undefined index: finalBill in /var/www/html/api/sendAdminOneUserInfo.php on line 62
[12-Jul-2019 17:22:44 Asia/Pyongyang] PHP Warning:  Use of undefined constant i - assumed 'i' (this will throw an Error in a future version of PHP) in /var/www/html/api/sendAdminOneUserInfo.php on line 61
[12-Jul-2019 17:22:44 Asia/Pyongyang] PHP Notice:  Undefined index: i in /var/www/html/api/sendAdminOneUserInfo.php on line 61
[12-Jul-2019 17:22:44 Asia/Pyongyang] PHP Notice:  Undefined index: finalBill in /var/www/html/api/sendAdminOneUserInfo.php on line 62
[12-Jul-2019 17:22:44 Asia/Pyongyang] PHP Warning:  Use of undefined constant i - assumed 'i' (this will throw an Error in a future version of PHP) in /var/www/html/api/sendAdminOneUserInfo.php on line 61
[12-Jul-2019 17:22:44 Asia/Pyongyang] PHP Notice:  Undefined index: i in /var/www/html/api/sendAdminOneUserInfo.php on line 61
[12-Jul-2019 17:22:44 Asia/Pyongyang] PHP Notice:  Undefined index: finalBill in /var/www/html/api/sendAdminOneUserInfo.php on line 62
[12-Jul-2019 17:22:44 Asia/Pyongyang] PHP Warning:  Use of undefined constant i - assumed 'i' (this will throw an Error in a future version of PHP) in /var/www/html/api/sendAdminOneUserInfo.php on line 61
[12-Jul-2019 17:22:44 Asia/Pyongyang] PHP Notice:  Undefined index: i in /var/www/html/api/sendAdminOneUserInfo.php on line 61
[12-Jul-2019 17:22:44 Asia/Pyongyang] PHP Notice:  Undefined index: finalBill in /var/www/html/api/sendAdminOneUserInfo.php on line 62
[12-Jul-2019 17:22:44 Asia/Pyongyang] PHP Warning:  Use of undefined constant i - assumed 'i' (this will throw an Error in a future version of PHP) in /var/www/html/api/sendAdminOneUserInfo.php on line 61
[12-Jul-2019 17:22:44 Asia/Pyongyang] PHP Notice:  Undefined index: i in /var/www/html/api/sendAdminOneUserInfo.php on line 61
[12-Jul-2019 17:22:44 Asia/Pyongyang] PHP Notice:  Undefined index: finalBill in /var/www/html/api/sendAdminOneUserInfo.php on line 62
[12-Jul-2019 17:22:44 Asia/Pyongyang] PHP Warning:  Use of undefined constant i - assumed 'i' (this will throw an Error in a future version of PHP) in /var/www/html/api/sendAdminOneUserInfo.php on line 61
[12-Jul-2019 17:22:44 Asia/Pyongyang] PHP Notice:  Undefined index: i in /var/www/html/api/sendAdminOneUserInfo.php on line 61
[12-Jul-2019 17:22:44 Asia/Pyongyang] PHP Notice:  Undefined index: finalBill in /var/www/html/api/sendAdminOneUserInfo.php on line 62
[12-Jul-2019 17:22:44 Asia/Pyongyang] PHP Warning:  Use of undefined constant i - assumed 'i' (this will throw an Error in a future version of PHP) in /var/www/html/api/sendAdminOneUserInfo.php on line 61
[12-Jul-2019 17:22:44 Asia/Pyongyang] PHP Notice:  Undefined index: i in /var/www/html/api/sendAdminOneUserInfo.php on line 61
[12-Jul-2019 17:22:44 Asia/Pyongyang] PHP Notice:  Undefined index: finalBill in /var/www/html/api/sendAdminOneUserInfo.php on line 62
[12-Jul-2019 17:22:44 Asia/Pyongyang] PHP Warning:  Use of undefined constant i - assumed 'i' (this will throw an Error in a future version of PHP) in /var/www/html/api/sendAdminOneUserInfo.php on line 61
[12-Jul-2019 17:22:44 Asia/Pyongyang] PHP Notice:  Undefined index: i in /var/www/html/api/sendAdminOneUserInfo.php on line 61
[12-Jul-2019 17:22:44 Asia/Pyongyang] PHP Notice:  Undefined index: finalBill in /var/www/html/api/sendAdminOneUserInfo.php on line 62
[12-Jul-2019 17:22:44 Asia/Pyongyang] PHP Warning:  Use of undefined constant i - assumed 'i' (this will throw an Error in a future version of PHP) in /var/www/html/api/sendAdminOneUserInfo.php on line 61
[12-Jul-2019 17:22:44 Asia/Pyongyang] PHP Notice:  Undefined index: i in /var/www/html/api/sendAdminOneUserInfo.php on line 61
[12-Jul-2019 17:22:44 Asia/Pyongyang] PHP Notice:  Undefined index: finalBill in /var/www/html/api/sendAdminOneUserInfo.php on line 62
[12-Jul-2019 17:22:44 Asia/Pyongyang] PHP Warning:  Use of undefined constant i - assumed 'i' (this will throw an Error in a future version of PHP) in /var/www/html/api/sendAdminOneUserInfo.php on line 61
[12-Jul-2019 17:22:44 Asia/Pyongyang] PHP Notice:  Undefined index: i in /var/www/html/api/sendAdminOneUserInfo.php on line 61
[12-Jul-2019 17:22:44 Asia/Pyongyang] PHP Notice:  Undefined index: finalBill in /var/www/html/api/sendAdminOneUserInfo.php on line 62
[12-Jul-2019 17:22:44 Asia/Pyongyang] PHP Warning:  Use of undefined constant i - assumed 'i' (this will throw an Error in a future version of PHP) in /var/www/html/api/sendAdminOneUserInfo.php on line 61
[12-Jul-2019 17:22:44 Asia/Pyongyang] PHP Notice:  Undefined index: i in /var/www/html/api/sendAdminOneUserInfo.php on line 61
[12-Jul-2019 17:22:44 Asia/Pyongyang] PHP Notice:  Undefined index: finalBill in /var/www/html/api/sendAdminOneUserInfo.php on line 62
[12-Jul-2019 17:23:33 Asia/Pyongyang] PHP Warning:  Use of undefined constant i - assumed 'i' (this will throw an Error in a future version of PHP) in /var/www/html/api/sendAdminOneUserInfo.php on line 61
[12-Jul-2019 17:23:33 Asia/Pyongyang] PHP Warning:  Use of undefined constant i - assumed 'i' (this will throw an Error in a future version of PHP) in /var/www/html/api/sendAdminOneUserInfo.php on line 61
[12-Jul-2019 17:23:33 Asia/Pyongyang] PHP Warning:  Use of undefined constant i - assumed 'i' (this will throw an Error in a future version of PHP) in /var/www/html/api/sendAdminOneUserInfo.php on line 61
[12-Jul-2019 17:23:33 Asia/Pyongyang] PHP Warning:  Use of undefined constant i - assumed 'i' (this will throw an Error in a future version of PHP) in /var/www/html/api/sendAdminOneUserInfo.php on line 61
[12-Jul-2019 17:23:33 Asia/Pyongyang] PHP Warning:  Use of undefined constant i - assumed 'i' (this will throw an Error in a future version of PHP) in /var/www/html/api/sendAdminOneUserInfo.php on line 61
[12-Jul-2019 17:23:33 Asia/Pyongyang] PHP Warning:  Use of undefined constant i - assumed 'i' (this will throw an Error in a future version of PHP) in /var/www/html/api/sendAdminOneUserInfo.php on line 61
[12-Jul-2019 17:23:33 Asia/Pyongyang] PHP Warning:  Use of undefined constant i - assumed 'i' (this will throw an Error in a future version of PHP) in /var/www/html/api/sendAdminOneUserInfo.php on line 61
[12-Jul-2019 17:23:33 Asia/Pyongyang] PHP Warning:  Use of undefined constant i - assumed 'i' (this will throw an Error in a future version of PHP) in /var/www/html/api/sendAdminOneUserInfo.php on line 61
[12-Jul-2019 17:23:33 Asia/Pyongyang] PHP Warning:  Use of undefined constant i - assumed 'i' (this will throw an Error in a future version of PHP) in /var/www/html/api/sendAdminOneUserInfo.php on line 61
[12-Jul-2019 17:23:33 Asia/Pyongyang] PHP Warning:  Use of undefined constant i - assumed 'i' (this will throw an Error in a future version of PHP) in /var/www/html/api/sendAdminOneUserInfo.php on line 61
[12-Jul-2019 17:23:57 Asia/Pyongyang] PHP Notice:  Array to string conversion in /var/www/html/api/sendAdminOneUserInfo.php on line 62
[12-Jul-2019 17:23:57 Asia/Pyongyang] PHP Notice:  Array to string conversion in /var/www/html/api/sendAdminOneUserInfo.php on line 62
[12-Jul-2019 17:23:57 Asia/Pyongyang] PHP Notice:  Array to string conversion in /var/www/html/api/sendAdminOneUserInfo.php on line 62
[12-Jul-2019 17:23:57 Asia/Pyongyang] PHP Notice:  Array to string conversion in /var/www/html/api/sendAdminOneUserInfo.php on line 62
[12-Jul-2019 17:23:57 Asia/Pyongyang] PHP Notice:  Array to string conversion in /var/www/html/api/sendAdminOneUserInfo.php on line 62
[12-Jul-2019 17:23:57 Asia/Pyongyang] PHP Notice:  Array to string conversion in /var/www/html/api/sendAdminOneUserInfo.php on line 62
[12-Jul-2019 17:23:57 Asia/Pyongyang] PHP Notice:  Array to string conversion in /var/www/html/api/sendAdminOneUserInfo.php on line 62
[12-Jul-2019 17:23:57 Asia/Pyongyang] PHP Notice:  Array to string conversion in /var/www/html/api/sendAdminOneUserInfo.php on line 62
[12-Jul-2019 17:23:57 Asia/Pyongyang] PHP Notice:  Array to string conversion in /var/www/html/api/sendAdminOneUserInfo.php on line 62
[12-Jul-2019 17:23:57 Asia/Pyongyang] PHP Notice:  Array to string conversion in /var/www/html/api/sendAdminOneUserInfo.php on line 62
[12-Jul-2019 17:44:47 Asia/Pyongyang] PHP Notice:  Undefined index: keyword in /var/www/html/api/sendAdminFilteredUserInfo.php on line 13
[12-Jul-2019 17:44:47 Asia/Pyongyang] PHP Notice:  Undefined index: filter in /var/www/html/api/sendAdminFilteredUserInfo.php on line 14
[12-Jul-2019 17:46:27 Asia/Pyongyang] PHP Notice:  Undefined index: keyword in /var/www/html/api/sendAdminFilteredUserInfo.php on line 13
[12-Jul-2019 17:46:27 Asia/Pyongyang] PHP Notice:  Undefined index: filter in /var/www/html/api/sendAdminFilteredUserInfo.php on line 14
[12-Jul-2019 17:49:26 Asia/Pyongyang] PHP Notice:  Undefined index: keyword in /var/www/html/api/sendAdminFilteredUserInfo.php on line 13
[12-Jul-2019 17:49:26 Asia/Pyongyang] PHP Notice:  Undefined index: filter in /var/www/html/api/sendAdminFilteredUserInfo.php on line 14
[12-Jul-2019 17:50:32 Asia/Pyongyang] PHP Notice:  Undefined index: keyword in /var/www/html/api/sendAdminFilteredUserInfo.php on line 13
[12-Jul-2019 17:50:32 Asia/Pyongyang] PHP Notice:  Undefined index: filter in /var/www/html/api/sendAdminFilteredUserInfo.php on line 14
[12-Jul-2019 17:52:34 Asia/Pyongyang] PHP Notice:  Undefined index: keyword in /var/www/html/api/sendAdminFilteredUserInfo.php on line 13
[12-Jul-2019 17:52:34 Asia/Pyongyang] PHP Notice:  Undefined index: filter in /var/www/html/api/sendAdminFilteredUserInfo.php on line 14
[12-Jul-2019 18:12:11 Asia/Pyongyang] PHP Notice:  Undefined index: keyword in /var/www/html/api/sendAdminFilteredUserInfo.php on line 13
[12-Jul-2019 18:12:11 Asia/Pyongyang] PHP Notice:  Undefined index: filter in /var/www/html/api/sendAdminFilteredUserInfo.php on line 14
[12-Jul-2019 19:11:54 Asia/Pyongyang] PHP Notice:  Undefined index: keyword in /var/www/html/api/sendAdminFilteredUserInfo.php on line 13
[12-Jul-2019 19:11:54 Asia/Pyongyang] PHP Notice:  Undefined index: filter in /var/www/html/api/sendAdminFilteredUserInfo.php on line 14
[12-Jul-2019 19:51:06 Asia/Pyongyang] PHP Notice:  Undefined index: keyword in /var/www/html/api/sendAdminFilteredUserInfo.php on line 13
[12-Jul-2019 19:51:06 Asia/Pyongyang] PHP Notice:  Undefined index: filter in /var/www/html/api/sendAdminFilteredUserInfo.php on line 14
[12-Jul-2019 19:51:50 Asia/Pyongyang] PHP Notice:  Undefined index: $userStatus in /var/www/html/api/setUserStatus.php on line 5
[12-Jul-2019 19:52:11 Asia/Pyongyang] PHP Notice:  Undefined index: $userStatus in /var/www/html/api/setUserStatus.php on line 5
[12-Jul-2019 19:53:38 Asia/Pyongyang] PHP Notice:  Undefined index: id in /var/www/html/api/setUserStatus.php on line 6
[12-Jul-2019 19:53:38 Asia/Pyongyang] PHP Notice:  Undefined index: $userStatus in /var/www/html/api/setUserStatus.php on line 7
[12-Jul-2019 19:53:38 Asia/Pyongyang] PHP Notice:  Undefined index: id in /var/www/html/api/setUserStatus.php on line 8
[12-Jul-2019 19:53:38 Asia/Pyongyang] PHP Notice:  Undefined index: $userStatus in /var/www/html/api/setUserStatus.php on line 9
[12-Jul-2019 19:53:57 Asia/Pyongyang] PHP Notice:  Undefined index: id in /var/www/html/api/setUserStatus.php on line 11
[12-Jul-2019 19:53:57 Asia/Pyongyang] PHP Notice:  Undefined index: $userStatus in /var/www/html/api/setUserStatus.php on line 12
[12-Jul-2019 19:59:15 Asia/Pyongyang] PHP Notice:  Undefined index: id in /var/www/html/api/setUserStatus.php on line 11
[12-Jul-2019 19:59:15 Asia/Pyongyang] PHP Notice:  Undefined index: $userStatus in /var/www/html/api/setUserStatus.php on line 12
[12-Jul-2019 20:00:51 Asia/Pyongyang] PHP Notice:  Undefined index: id in /var/www/html/api/setUserStatus.php on line 11
[12-Jul-2019 20:00:51 Asia/Pyongyang] PHP Notice:  Undefined index: $userStatus in /var/www/html/api/setUserStatus.php on line 12
[12-Jul-2019 20:01:01 Asia/Pyongyang] PHP Notice:  Undefined index: id in /var/www/html/api/setUserStatus.php on line 11
[12-Jul-2019 20:01:01 Asia/Pyongyang] PHP Notice:  Undefined index: $userStatus in /var/www/html/api/setUserStatus.php on line 12
[12-Jul-2019 20:03:50 Asia/Pyongyang] PHP Notice:  Undefined index: $userStatus in /var/www/html/api/setUserStatus.php on line 10
[12-Jul-2019 23:15:39 Asia/Pyongyang] PHP Notice:  Undefined index: filter in /var/www/html/api/sendAdminOrderList.php on line 4
[13-Jul-2019 00:41:32 Asia/Pyongyang] PHP Notice:  Undefined index: filter in /var/www/html/api/sendAdminOrderList.php on line 4
[13-Jul-2019 00:50:51 Asia/Pyongyang] PHP Notice:  Undefined index: filter in /var/www/html/api/sendAdminOrderList.php on line 4
[13-Jul-2019 00:58:25 Asia/Pyongyang] PHP Notice:  Undefined index: filter in /var/www/html/api/sendAdminOrderList.php on line 4
[13-Jul-2019 00:58:43 Asia/Pyongyang] PHP Notice:  Undefined index: filter in /var/www/html/api/sendAdminOrderList.php on line 4
[13-Jul-2019 00:58:56 Asia/Pyongyang] PHP Notice:  Undefined index: filter in /var/www/html/api/sendAdminOrderList.php on line 4
[13-Jul-2019 01:09:57 Asia/Pyongyang] PHP Notice:  Undefined index: filter in /var/www/html/api/sendAdminOrderList.php on line 4
[13-Jul-2019 01:10:02 Asia/Pyongyang] PHP Notice:  Undefined index: filter in /var/www/html/api/sendAdminOrderList.php on line 4
[13-Jul-2019 01:10:06 Asia/Pyongyang] PHP Notice:  Undefined index: keyword in /var/www/html/api/sendAdminFilteredUserInfo.php on line 13
[13-Jul-2019 01:10:06 Asia/Pyongyang] PHP Notice:  Undefined index: filter in /var/www/html/api/sendAdminFilteredUserInfo.php on line 14
[13-Jul-2019 01:36:00 Asia/Pyongyang] PHP Notice:  Undefined index: keyword in /var/www/html/api/sendAdminFilteredUserInfo.php on line 13
[13-Jul-2019 01:36:00 Asia/Pyongyang] PHP Notice:  Undefined index: filter in /var/www/html/api/sendAdminFilteredUserInfo.php on line 14
[13-Jul-2019 03:09:23 Asia/Pyongyang] PHP Parse error:  syntax error, unexpected '"\n"' (T_CONSTANT_ENCAPSED_STRING), expecting ',' or ')' in /var/www/html/api/getHideMallList.php on line 12
[13-Jul-2019 03:09:35 Asia/Pyongyang] PHP Parse error:  syntax error, unexpected '"\n"' (T_CONSTANT_ENCAPSED_STRING), expecting ',' or ')' in /var/www/html/api/getHideMallList.php on line 12
[13-Jul-2019 03:09:35 Asia/Pyongyang] PHP Parse error:  syntax error, unexpected '"\n"' (T_CONSTANT_ENCAPSED_STRING), expecting ',' or ')' in /var/www/html/api/getHideMallList.php on line 12
[13-Jul-2019 03:29:55 Asia/Pyongyang] PHP Notice:  Undefined index: filter in /var/www/html/api/sendAdminOrderList.php on line 4
[13-Jul-2019 03:31:18 Asia/Pyongyang] PHP Notice:  Undefined index: filter in /var/www/html/api/sendAdminOrderList.php on line 4
[13-Jul-2019 03:31:28 Asia/Pyongyang] PHP Notice:  Undefined index: keyword in /var/www/html/api/sendAdminFilteredUserInfo.php on line 13
[13-Jul-2019 03:31:28 Asia/Pyongyang] PHP Notice:  Undefined index: filter in /var/www/html/api/sendAdminFilteredUserInfo.php on line 14
[13-Jul-2019 22:26:08 Asia/Pyongyang] PHP Notice:  Undefined index: keyword in /var/www/html/api/sendAdminFilteredUserInfo.php on line 13
[13-Jul-2019 22:26:08 Asia/Pyongyang] PHP Notice:  Undefined index: filter in /var/www/html/api/sendAdminFilteredUserInfo.php on line 14
[13-Jul-2019 22:44:50 Asia/Pyongyang] PHP Notice:  Undefined index: filter in /var/www/html/api/sendAdminOrderList.php on line 4
[13-Jul-2019 22:45:38 Asia/Pyongyang] PHP Notice:  Undefined index: filter in /var/www/html/api/sendAdminOrderList.php on line 4
[13-Jul-2019 22:46:04 Asia/Pyongyang] PHP Notice:  Undefined index: filter in /var/www/html/api/sendAdminOrderList.php on line 4
[13-Jul-2019 22:46:17 Asia/Pyongyang] PHP Notice:  Undefined index: keyword in /var/www/html/api/sendAdminFilteredUserInfo.php on line 13
[13-Jul-2019 22:46:17 Asia/Pyongyang] PHP Notice:  Undefined index: filter in /var/www/html/api/sendAdminFilteredUserInfo.php on line 14
[09-Aug-2019 20:17:13 Asia/Pyongyang] PHP Notice:  Undefined index: newRoomData in /var/www/html/api/makeNewChatRoom.php on line 4
[09-Aug-2019 20:17:13 Asia/Pyongyang] PHP Notice:  Undefined variable: newRoomData in /var/www/html/api/makeNewChatRoom.php on line 6
[09-Aug-2019 20:17:13 Asia/Pyongyang] PHP Fatal error:  Uncaught Error: Call to undefined function bindParam() in /var/www/html/api/makeNewChatRoom.php:23
Stack trace:
#0 {main}
  thrown in /var/www/html/api/makeNewChatRoom.php on line 23
[09-Aug-2019 20:19:16 Asia/Pyongyang] PHP Notice:  Undefined index: newRoomData in /var/www/html/api/makeNewChatRoom.php on line 4
[09-Aug-2019 20:19:16 Asia/Pyongyang] PHP Notice:  Undefined variable: newRoomData in /var/www/html/api/makeNewChatRoom.php on line 6
[09-Aug-2019 20:19:16 Asia/Pyongyang] PHP Fatal error:  Uncaught Error: Call to undefined function bindParam() in /var/www/html/api/makeNewChatRoom.php:23
Stack trace:
#0 {main}
  thrown in /var/www/html/api/makeNewChatRoom.php on line 23
[09-Aug-2019 20:24:15 Asia/Pyongyang] PHP Notice:  Undefined index: newRoomData in /var/www/html/api/makeNewChatRoom.php on line 4
[09-Aug-2019 20:24:15 Asia/Pyongyang] PHP Notice:  Undefined variable: newRoomData in /var/www/html/api/makeNewChatRoom.php on line 6
[09-Aug-2019 20:24:15 Asia/Pyongyang] PHP Fatal error:  Uncaught Error: Call to undefined function bindParam() in /var/www/html/api/makeNewChatRoom.php:23
Stack trace:
#0 {main}
  thrown in /var/www/html/api/makeNewChatRoom.php on line 23
[09-Aug-2019 20:25:06 Asia/Pyongyang] PHP Notice:  Undefined index: newRoomData in /var/www/html/api/makeNewChatRoom.php on line 4
[09-Aug-2019 20:25:06 Asia/Pyongyang] PHP Notice:  Undefined variable: newRoomData in /var/www/html/api/makeNewChatRoom.php on line 6
[09-Aug-2019 20:25:06 Asia/Pyongyang] PHP Fatal error:  Uncaught Error: Call to undefined function bindParam() in /var/www/html/api/makeNewChatRoom.php:23
Stack trace:
#0 {main}
  thrown in /var/www/html/api/makeNewChatRoom.php on line 23
[09-Aug-2019 20:26:30 Asia/Pyongyang] PHP Notice:  Undefined index: newRoomData in /var/www/html/api/makeNewChatRoom.php on line 4
[09-Aug-2019 20:26:30 Asia/Pyongyang] PHP Notice:  Undefined variable: newRoomData in /var/www/html/api/makeNewChatRoom.php on line 6
[09-Aug-2019 20:26:30 Asia/Pyongyang] PHP Fatal error:  Uncaught Error: Call to undefined function bindParam() in /var/www/html/api/makeNewChatRoom.php:26
Stack trace:
#0 {main}
  thrown in /var/www/html/api/makeNewChatRoom.php on line 26
[09-Aug-2019 20:28:39 Asia/Pyongyang] PHP Notice:  Undefined index: newRoomData in /var/www/html/api/makeNewChatRoom.php on line 4
[09-Aug-2019 20:28:39 Asia/Pyongyang] PHP Notice:  Undefined variable: newRoomData in /var/www/html/api/makeNewChatRoom.php on line 6
[09-Aug-2019 20:28:39 Asia/Pyongyang] PHP Fatal error:  Uncaught Error: Call to undefined function bindParam() in /var/www/html/api/makeNewChatRoom.php:26
Stack trace:
#0 {main}
  thrown in /var/www/html/api/makeNewChatRoom.php on line 26
[09-Aug-2019 20:33:48 Asia/Pyongyang] PHP Notice:  Undefined index: newRoomData in /var/www/html/api/makeNewChatRoom.php on line 4
[09-Aug-2019 20:33:48 Asia/Pyongyang] PHP Notice:  Undefined variable: newRoomData in /var/www/html/api/makeNewChatRoom.php on line 6
[09-Aug-2019 20:33:48 Asia/Pyongyang] PHP Fatal error:  Uncaught Error: Call to undefined function bindParam() in /var/www/html/api/makeNewChatRoom.php:26
Stack trace:
#0 {main}
  thrown in /var/www/html/api/makeNewChatRoom.php on line 26
[09-Aug-2019 20:35:26 Asia/Pyongyang] PHP Notice:  Undefined variable: newRoomData in /var/www/html/api/makeNewChatRoom.php on line 6
[09-Aug-2019 20:35:26 Asia/Pyongyang] PHP Fatal error:  Uncaught Error: Call to undefined function bindParam() in /var/www/html/api/makeNewChatRoom.php:26
Stack trace:
#0 {main}
  thrown in /var/www/html/api/makeNewChatRoom.php on line 26
[09-Aug-2019 20:39:20 Asia/Pyongyang] PHP Fatal error:  Uncaught Error: Call to undefined function bindParam() in /var/www/html/api/pdo_conn.php:12
Stack trace:
#0 /var/www/html/api/mallUpdateInfo.php(21): require()
#1 {main}
  thrown in /var/www/html/api/pdo_conn.php on line 12
[09-Aug-2019 20:39:32 Asia/Pyongyang] PHP Fatal error:  Uncaught Error: Call to undefined function bindParam() in /var/www/html/api/pdo_conn.php:12
Stack trace:
#0 {main}
  thrown in /var/www/html/api/pdo_conn.php on line 12
[09-Aug-2019 20:47:28 Asia/Pyongyang] PHP Fatal error:  Uncaught Error: Call to undefined function bindParam() in /var/www/html/api/pdo_conn.php:12
Stack trace:
#0 {main}
  thrown in /var/www/html/api/pdo_conn.php on line 12
[09-Aug-2019 20:47:30 Asia/Pyongyang] PHP Fatal error:  Uncaught Error: Call to undefined function bindParam() in /var/www/html/api/pdo_conn.php:12
Stack trace:
#0 {main}
  thrown in /var/www/html/api/pdo_conn.php on line 12
[09-Aug-2019 20:48:39 Asia/Pyongyang] PHP Fatal error:  Uncaught Error: Cannot pass parameter 2 by reference in /var/www/html/api/pdo_conn.php:12
Stack trace:
#0 {main}
  thrown in /var/www/html/api/pdo_conn.php on line 12
[09-Aug-2019 20:49:07 Asia/Pyongyang] PHP Fatal error:  Uncaught Error: Cannot pass parameter 2 by reference in /var/www/html/api/pdo_conn.php:12
Stack trace:
#0 {main}
  thrown in /var/www/html/api/pdo_conn.php on line 12
[09-Aug-2019 20:52:20 Asia/Pyongyang] PHP Fatal error:  Uncaught Error: Cannot pass parameter 2 by reference in /var/www/html/api/pdo_conn.php:15
Stack trace:
#0 {main}
  thrown in /var/www/html/api/pdo_conn.php on line 15
[09-Aug-2019 20:54:05 Asia/Pyongyang] PHP Parse error:  syntax error, unexpected 'test1' (T_STRING) in /var/www/html/api/pdo_conn.php on line 13
[09-Aug-2019 20:55:04 Asia/Pyongyang] PHP Parse error:  syntax error, unexpected 'test1' (T_STRING) in /var/www/html/api/pdo_conn.php on line 13
[09-Aug-2019 20:57:20 Asia/Pyongyang] PHP Fatal error:  Uncaught Error: Cannot pass parameter 2 by reference in /var/www/html/api/pdo_conn.php:15
Stack trace:
#0 {main}
  thrown in /var/www/html/api/pdo_conn.php on line 15
[09-Aug-2019 20:58:37 Asia/Pyongyang] PHP Fatal error:  Uncaught Error: Cannot pass parameter 2 by reference in /var/www/html/api/pdo_conn.php:16
Stack trace:
#0 {main}
  thrown in /var/www/html/api/pdo_conn.php on line 16
[09-Aug-2019 21:01:50 Asia/Pyongyang] PHP Notice:  Undefined variable: newRoomData in /var/www/html/api/makeNewChatRoom.php on line 6
[09-Aug-2019 21:02:20 Asia/Pyongyang] PHP Notice:  Undefined variable: newRoomData in /var/www/html/api/makeNewChatRoom.php on line 6
[09-Aug-2019 21:04:59 Asia/Pyongyang] PHP Notice:  Undefined variable: newRoomData in /var/www/html/api/makeNewChatRoom.php on line 6
[09-Aug-2019 21:07:42 Asia/Pyongyang] PHP Notice:  Undefined variable: newRoomData in /var/www/html/api/makeNewChatRoom.php on line 6
[09-Aug-2019 21:09:46 Asia/Pyongyang] PHP Notice:  Undefined variable: newRoomData in /var/www/html/api/makeNewChatRoom.php on line 6
[09-Aug-2019 21:10:03 Asia/Pyongyang] PHP Notice:  Undefined variable: newRoomData in /var/www/html/api/makeNewChatRoom.php on line 6
[09-Aug-2019 21:14:41 Asia/Pyongyang] PHP Notice:  Undefined variable: newRoomData in /var/www/html/api/makeNewChatRoom.php on line 6
[09-Aug-2019 21:18:13 Asia/Pyongyang] PHP Notice:  Undefined variable: newRoomData in /var/www/html/api/makeNewChatRoom.php on line 8

-------
[09-Aug-2019 21:23:36 Asia/Pyongyang] PHP Notice:  Undefined variable: newRoomData in /var/www/html/api/makeNewChatRoom.php on line 8
[09-Aug-2019 21:25:48 Asia/Pyongyang] PHP Notice:  Undefined variable: newRoomData in /var/www/html/api/makeNewChatRoom.php on line 8
[09-Aug-2019 21:27:02 Asia/Pyongyang] PHP Notice:  Undefined variable: newRoomData in /var/www/html/api/makeNewChatRoom.php on line 8
[09-Aug-2019 21:32:15 Asia/Pyongyang] PHP Notice:  Undefined offset: 0 in /var/www/html/api/makeNewChatRoom.php on line 15
[09-Aug-2019 21:32:15 Asia/Pyongyang] PHP Notice:  Undefined offset: 0 in /var/www/html/api/makeNewChatRoom.php on line 20
[09-Aug-2019 21:32:47 Asia/Pyongyang] PHP Notice:  Undefined offset: 0 in /var/www/html/api/makeNewChatRoom.php on line 16
[09-Aug-2019 21:32:47 Asia/Pyongyang] PHP Notice:  Undefined offset: 0 in /var/www/html/api/makeNewChatRoom.php on line 21
[03-Sep-2019 19:39:46 Asia/Pyongyang] PHP Notice:  Undefined variable: pdo_conn in /var/www/html/api/joiner.php on line 29
[03-Sep-2019 19:39:46 Asia/Pyongyang] PHP Fatal error:  Uncaught Error: Call to a member function prepare() on null in /var/www/html/api/joiner.php:29
Stack trace:
#0 {main}
  thrown in /var/www/html/api/joiner.php on line 29
[17-Sep-2019 21:23:40 Asia/Pyongyang] PHP Notice:  Undefined index: filter in /var/www/html/api/sendAdminOrderList.php on line 4
[17-Sep-2019 21:25:12 Asia/Pyongyang] PHP Notice:  Undefined index: filter in /var/www/html/api/sendAdminOrderList.php on line 4
[17-Sep-2019 21:26:08 Asia/Pyongyang] PHP Notice:  Undefined index: filter in /var/www/html/api/sendAdminOrderList.php on line 4
[17-Sep-2019 21:26:13 Asia/Pyongyang] PHP Notice:  Undefined index: keyword in /var/www/html/api/sendAdminFilteredUserInfo.php on line 13
[17-Sep-2019 21:26:13 Asia/Pyongyang] PHP Notice:  Undefined index: filter in /var/www/html/api/sendAdminFilteredUserInfo.php on line 14
[17-Sep-2019 21:35:23 Asia/Pyongyang] PHP Notice:  Undefined index: keyword in /var/www/html/api/sendAdminFilteredUserInfo.php on line 13
[17-Sep-2019 21:35:23 Asia/Pyongyang] PHP Notice:  Undefined index: filter in /var/www/html/api/sendAdminFilteredUserInfo.php on line 14
[17-Sep-2019 21:41:57 Asia/Pyongyang] PHP Notice:  Undefined index: filter in /var/www/html/api/sendAdminOrderList.php on line 4
[17-Sep-2019 21:42:46 Asia/Pyongyang] PHP Notice:  Undefined index: keyword in /var/www/html/api/sendAdminFilteredUserInfo.php on line 13
[17-Sep-2019 21:42:46 Asia/Pyongyang] PHP Notice:  Undefined index: filter in /var/www/html/api/sendAdminFilteredUserInfo.php on line 14
