2019-08-09 20:35:26
{"roomName":"test1","roomTages":"#test1","roomCertains_email":"dkssudnjsdn@naver.com","roomCertains_userId":3,"maxUserVolume":4,"createdDate":"2019-35-09"}
2019-08-09 21:01:50
{"roomName":"test1","roomTages":"#test1","roomCertains_email":"dkssudnjsdn@naver.com","roomCertains_userId":3,"maxUserVolume":4,"createdDate":"2019-01-09"}
2019-08-09 21:02:20
{"roomName":"bigOne","roomTages":"#test1","roomCertains_email":"dkssudnjsdn@naver.com","roomCertains_userId":3,"maxUserVolume":4,"createdDate":"2019-02-09"}
2019-08-09 21:04:59
{"roomName":"gift","roomTages":"#giftcone","roomCertains_email":"dkssudnjsdn@naver.com","roomCertains_userId":3,"maxUserVolume":12,"createdDate":"2019-04-09"}

-----------
2019-08-09 21:07:42
{"roomName":"gift","roomTages":"#giftcone","roomCertains_email":"dkssudnjsdn@naver.com","roomCertains_userId":3,"maxUserVolume":12,"createdDate":"2019-07-09"}
--------------
2019-08-09 21:09:46
{"roomName":"gift","roomTages":"#giftcone","roomCertains_email":"dkssudnjsdn@naver.com","roomCertains_userId":3,"maxUserVolume":12,"createdDate":"2019-09-09"}
2019-08-09 21:09:46


------------------
2019-08-09 21:10:03
{"roomName":"gift","roomTages":"#giftcone","roomCertains_email":"dkssudnjsdn@naver.com","roomCertains_userId":3,"maxUserVolume":12,"createdDate":"2019-10-09"}
2019-08-09 21:10:03
------------------------------
====
2019-08-09 21:14:41
{"roomName":"gift","roomTages":"#giftcone","roomCertains_email":"dkssudnjsdn@naver.com","roomCertains_userId":3,"maxUserVolume":12,"createdDate":"2019-14-09"}
2019-08-09 21:14:41
2019-08-09 21:14:41
2019-08-09 21:14:41
2019-08-09 21:14:41
2019-08-09 21:14:41
2019-08-09 21:14:41
2019-08-09 21:18:13
{"roomName":"gift","roomTages":"#giftcone","roomCertains_email":"dkssudnjsdn@naver.com","roomCertains_userId":3,"maxUserVolume":12,"createdDate":"2019-18-09"}
2019-08-09 21:18:13

2019-08-09 21:18:13
2019-08-09 21:18:13
2019-08-09 21:18:13
2019-08-09 21:18:13
2019-08-09 21:18:13
2019-08-09 21:18:13
---------------
2019-08-09 21:23:36
{"roomName":"gift","roomTages":"#giftcone","roomCertains_email":"dkssudnjsdn@naver.com","roomCertains_userId":3,"maxUserVolume":12,"createdDate":"2019-23-09"}
2019-08-09 21:23:36

==-=-=-
2019-08-09 21:25:48
{"roomName":"gift","roomTages":"#giftcone","roomCertains_email":"dkssudnjsdn@naver.com","roomCertains_userId":3,"maxUserVolume":12,"createdDate":"2019-25-09"}
2019-08-09 21:25:48

2019-08-09 21:25:48
2019-08-09 21:25:48
2019-08-09 21:27:02
[{"roomName":"hithere","roomTages":"#hihi#tetete","roomCertains_email":"dkssudnjsdn@naver.com","roomCertains_userId":3,"maxUserVolume":3,"createdDate":"2019-27-09"}]
2019-08-09 21:27:02

2019-08-09 21:27:02
2019-08-09 21:27:02
2019-08-09 21:35:19
hithere
#hihi#wonwoo
dkssudnjsdn@naver.com
3
45
2019-35-09
2019-08-09 21:37:29
hithere
#hihi#wonwoo
dkssudnjsdn@naver.com
3
45
2019-37-09
2019-08-10 00:13:44
스타일채팅
#패션#스타일
dkssudnjsdn@naver.com
3
20
2019-13-09
2019-08-12 19:24:42
안녕 여러분
#안녕#여러분
dkssudnjsdn@naver.com
3
10
2019-24-12
///////////////////////////////////////
2019-09-11 03:26:18
[
    {
        "prodNumb": "H46086",
        "mallName": "vintagetalk"
    },
    {
        "prodNumb": "H46405",
        "mallName": "vintagetalk"
    },
    {
        "prodNumb": "H44377",
        "mallName": "vintagetalk"
    },
    {
        "prodNumb": "H44712",
        "mallName": "vintagetalk"
    },
    {
        "prodNumb": "H44618",
        "mallName": "vintagetalk"
    },
    {
        "prodNumb": "H44986",
        "mallName": "vintagetalk"
    },
    {
        "prodNumb": "x",
        "mallName": "x"
    },
    {
        "prodNumb": "H45074",
        "mallName": "vintagetalk"
    },
    {
        "prodNumb": "H44443",
        "mallName": "vintagetalk"
    },
    {
        "prodNumb": "H46384",
        "mallName": "vintagetalk"
    },
    {
        "prodNumb": "x",
        "mallName": "x"
    },
    {
        "prodNumb": "x",
        "mallName": "x"
    }
]
2019-09-12 02:37:27
[
    {
        "prodNumb": "H46086",
        "mallName": "vintagetalk"
    },
    {
        "prodNumb": "H46405",
        "mallName": "vintagetalk"
    },
    {
        "prodNumb": "H44377",
        "mallName": "vintagetalk"
    },
    {
        "prodNumb": "H44712",
        "mallName": "vintagetalk"
    },
    {
        "prodNumb": "H44618",
        "mallName": "vintagetalk"
    },
    {
        "prodNumb": "H44986",
        "mallName": "vintagetalk"
    },
    {
        "prodNumb": "x",
        "mallName": "x"
    },
    {
        "prodNumb": "H45074",
        "mallName": "vintagetalk"
    },
    {
        "prodNumb": "H44443",
        "mallName": "vintagetalk"
    },
    {
        "prodNumb": "H46384",
        "mallName": "vintagetalk"
    },
    {
        "prodNumb": "x",
        "mallName": "x"
    },
    {
        "prodNumb": "x",
        "mallName": "x"
    }
]
2019-09-12 03:31:18
[{"kor_name":"빈티지톡","mall_id":1,"mall_name":"vintagetalk","mall_order":"1","numb":0},{"kor_name":"빈티지언니","mall_id":2,"mall_name":"vintagesister","mall_order":"2","numb":0},{"kor_name":"세컨드","mall_id":3,"mall_name":"xecond","mall_order":"3","numb":0}]
2019-09-12 03:31:18
3
2019-09-12 03:33:46
[
    {
        "prodNumb": "H46086",
        "mallName": "vintagetalk"
    },
    {
        "prodNumb": "H46405",
        "mallName": "vintagetalk"
    },
    {
        "prodNumb": "H44377",
        "mallName": "vintagetalk"
    },
    {
        "prodNumb": "H44712",
        "mallName": "vintagetalk"
    },
    {
        "prodNumb": "H44618",
        "mallName": "vintagetalk"
    },
    {
        "prodNumb": "H44986",
        "mallName": "vintagetalk"
    },
    {
        "prodNumb": "x",
        "mallName": "x"
    },
    {
        "prodNumb": "H45074",
        "mallName": "vintagetalk"
    },
    {
        "prodNumb": "H44443",
        "mallName": "vintagetalk"
    },
    {
        "prodNumb": "H46384",
        "mallName": "vintagetalk"
    },
    {
        "prodNumb": "x",
        "mallName": "x"
    },
    {
        "prodNumb": "x",
        "mallName": "x"
    }
]
2019-09-12 03:34:01
saveOrder 에서 db에 주문내역 저장완료
2019-09-12 03:37:04
[
    {
        "prodNumb": "H44377",
        "mallName": "vintagetalk"
    },
    {
        "prodNumb": "H44712",
        "mallName": "vintagetalk"
    },
    {
        "prodNumb": "H44618",
        "mallName": "vintagetalk"
    },
    {
        "prodNumb": "H44986",
        "mallName": "vintagetalk"
    },
    {
        "prodNumb": "x",
        "mallName": "x"
    },
    {
        "prodNumb": "H45074",
        "mallName": "vintagetalk"
    },
    {
        "prodNumb": "H44443",
        "mallName": "vintagetalk"
    },
    {
        "prodNumb": "H46384",
        "mallName": "vintagetalk"
    },
    {
        "prodNumb": "x",
        "mallName": "x"
    },
    {
        "prodNumb": "x",
        "mallName": "x"
    }
]
2019-09-17 21:04:21
[
    {
        "prodNumb": "H44377",
        "mallName": "vintagetalk"
    },
    {
        "prodNumb": "H44712",
        "mallName": "vintagetalk"
    },
    {
        "prodNumb": "H44618",
        "mallName": "vintagetalk"
    },
    {
        "prodNumb": "H44986",
        "mallName": "vintagetalk"
    },
    {
        "prodNumb": "x",
        "mallName": "x"
    },
    {
        "prodNumb": "H45074",
        "mallName": "vintagetalk"
    },
    {
        "prodNumb": "H44443",
        "mallName": "vintagetalk"
    },
    {
        "prodNumb": "H46384",
        "mallName": "vintagetalk"
    },
    {
        "prodNumb": "x",
        "mallName": "x"
    },
    {
        "prodNumb": "x",
        "mallName": "x"
    }
]
2019-09-17 21:09:18
[{"kor_name":"빈티지언니","mall_id":2,"mall_name":"vintagesister","mall_order":"1","numb":0},{"kor_name":"빈티지톡","mall_id":1,"mall_name":"vintagetalk","mall_order":"2","numb":0},{"kor_name":"세컨드","mall_id":3,"mall_name":"xecond","mall_order":"3","numb":0}]
2019-09-17 21:09:18
3
2019-09-17 21:09:32
[{"kor_name":"빈티지톡","mall_id":1,"mall_name":"vintagetalk","mall_order":"1","numb":0},{"kor_name":"빈티지언니","mall_id":2,"mall_name":"vintagesister","mall_order":"2","numb":0},{"kor_name":"세컨드","mall_id":3,"mall_name":"xecond","mall_order":"3","numb":0}]
2019-09-17 21:09:32
3
2019-09-17 21:10:36
[{"kor_name":"빈티지언니","mall_id":2,"mall_name":"vintagesister","mall_order":"1","numb":0},{"kor_name":"빈티지톡","mall_id":1,"mall_name":"vintagetalk","mall_order":"2","numb":0},{"kor_name":"세컨드","mall_id":3,"mall_name":"xecond","mall_order":"3","numb":0}]
2019-09-17 21:10:36
3
2019-09-17 21:14:04
[{"kor_name":"빈티지톡","mall_id":1,"mall_name":"vintagetalk","mall_order":"1","numb":0},{"kor_name":"빈티지언니","mall_id":2,"mall_name":"vintagesister","mall_order":"2","numb":0},{"kor_name":"세컨드","mall_id":3,"mall_name":"xecond","mall_order":"3","numb":0}]
2019-09-17 21:14:04
3
2019-09-17 21:15:39
[{"kor_name":"빈티지톡","mall_id":1,"mall_name":"vintagetalk","mall_order":"1","numb":0},{"kor_name":"빈티지언니","mall_id":2,"mall_name":"vintagesister","mall_order":"2","numb":0},{"kor_name":"세컨드","mall_id":3,"mall_name":"xecond","mall_order":"3","numb":0}]
2019-09-17 21:15:39
3
2019-09-17 21:15:57
[{"kor_name":"빈티지톡","mall_id":1,"mall_name":"vintagetalk","mall_order":"0","numb":0},{"kor_name":"빈티지언니","mall_id":2,"mall_name":"vintagesister","mall_order":"1","numb":0},{"kor_name":"세컨드","mall_id":3,"mall_name":"xecond","mall_order":"1","numb":0}]
2019-09-17 21:15:57
3
2019-09-17 21:16:07
[{"kor_name":"빈티지언니","mall_id":2,"mall_name":"vintagesister","mall_order":"1","numb":0},{"kor_name":"세컨드","mall_id":3,"mall_name":"xecond","mall_order":"1","numb":0},{"kor_name":"빈티지톡","mall_id":1,"mall_name":"vintagetalk","mall_order":"3","numb":0}]
2019-09-17 21:16:07
3
2019-09-17 21:16:29
[{"kor_name":"빈티지언니","mall_id":2,"mall_name":"vintagesister","mall_order":"0","numb":0},{"kor_name":"세컨드","mall_id":3,"mall_name":"xecond","mall_order":"1","numb":0},{"kor_name":"빈티지톡","mall_id":1,"mall_name":"vintagetalk","mall_order":"1","numb":0}]
2019-09-17 21:16:29
3
2019-09-17 21:16:33
[{"kor_name":"빈티지톡","mall_id":1,"mall_name":"vintagetalk","mall_order":"1","numb":0},{"kor_name":"세컨드","mall_id":3,"mall_name":"xecond","mall_order":"1","numb":0},{"kor_name":"빈티지언니","mall_id":2,"mall_name":"vintagesister","mall_order":"3","numb":0}]
2019-09-17 21:16:33
3
2019-09-17 21:17:02
[{"kor_name":"빈티지톡","mall_id":1,"mall_name":"vintagetalk","mall_order":"1","numb":0},{"kor_name":"빈티지언니","mall_id":2,"mall_name":"vintagesister","mall_order":"2","numb":0},{"kor_name":"세컨드","mall_id":3,"mall_name":"xecond","mall_order":"3","numb":0}]
2019-09-17 21:17:02
3
2019-09-17 21:19:14
[{"kor_name":"빈티지톡","mall_id":1,"mall_name":"vintagetalk","mall_order":"0","numb":0},{"kor_name":"빈티지언니","mall_id":2,"mall_name":"vintagesister","mall_order":"1","numb":0},{"kor_name":"세컨드","mall_id":3,"mall_name":"xecond","mall_order":"1","numb":0}]
2019-09-17 21:19:14
3
2019-09-17 21:22:22
[{"kor_name":"빈티지언니","mall_id":2,"mall_name":"vintagesister","mall_order":"1","numb":0},{"kor_name":"세컨드","mall_id":3,"mall_name":"xecond","mall_order":"1","numb":0},{"kor_name":"빈티지톡","mall_id":1,"mall_name":"vintagetalk","mall_order":"3","numb":0}]
2019-09-17 21:22:22
3
2019-09-17 21:22:39
[{"kor_name":"빈티지언니","mall_id":2,"mall_name":"vintagesister","mall_order":"1","numb":0},{"kor_name":"세컨드","mall_id":3,"mall_name":"xecond","mall_order":"2","numb":0},{"kor_name":"빈티지톡","mall_id":1,"mall_name":"vintagetalk","mall_order":"3","numb":0}]
2019-09-17 21:22:39
3
2019-09-17 21:22:47
[{"kor_name":"빈티지언니","mall_id":2,"mall_name":"vintagesister","mall_order":"1","numb":0},{"kor_name":"세컨드","mall_id":3,"mall_name":"xecond","mall_order":"2","numb":0},{"kor_name":"빈티지톡","mall_id":1,"mall_name":"vintagetalk","mall_order":"3","numb":0}]
2019-09-17 21:22:47
3
2019-09-17 21:23:40
주문내역-전체
[
    {
        "orderNumb": "2019070915-1000",
        "orderDate": "2019-07-09 00:00:00",
        "orderState": "미결제",
        "finalBill": 7200,
        "numb": 1,
        "deliveryNumb": null,
        "deliveryState": "배송완료"
    },
    {
        "orderNumb": "2019070915-2334",
        "orderDate": "2019-07-09 00:00:00",
        "orderState": "미결제",
        "finalBill": 5300,
        "numb": 2,
        "deliveryNumb": null,
        "deliveryState": "배송중"
    },
    {
        "orderNumb": "2019070915-2432",
        "orderDate": "2019-07-09 00:00:00",
        "orderState": "결제완료",
        "finalBill": 5400,
        "numb": 3,
        "deliveryNumb": null,
        "deliveryState": "미배송"
    },
    {
        "orderNumb": "2019070915-2451",
        "orderDate": "2019-07-09 00:00:00",
        "orderState": "미결제",
        "finalBill": 2400,
        "numb": 4,
        "deliveryNumb": null,
        "deliveryState": "미배송"
    },
    {
        "orderNumb": "2019070915-2452",
        "orderDate": "2019-07-09 00:00:00",
        "orderState": "입금전",
        "finalBill": 2400,
        "numb": 5,
        "deliveryNumb": null,
        "deliveryState": "미배송"
    },
    {
        "orderNumb": "2019070915-2453",
        "orderDate": "2019-07-09 00:00:00",
        "orderState": "입금전",
        "finalBill": 2400,
        "numb": 6,
        "deliveryNumb": null,
        "deliveryState": "미배송"
    },
    {
        "orderNumb": "2019070915-2454",
        "orderDate": "2019-07-09 00:00:00",
        "orderState": "입금전",
        "finalBill": 2400,
        "numb": 7,
        "deliveryNumb": null,
        "deliveryState": "미배송"
    },
    {
        "orderNumb": "2019070915-2454",
        "orderDate": "2019-07-09 00:00:00",
        "orderState": "입금전",
        "finalBill": 2400,
        "numb": 8,
        "deliveryNumb": null,
        "deliveryState": "미배송"
    },
    {
        "orderNumb": "2019070915-2454",
        "orderDate": "2019-07-09 00:00:00",
        "orderState": "입금전",
        "finalBill": 2400,
        "numb": 9,
        "deliveryNumb": null,
        "deliveryState": "미배송"
    },
    {
        "orderNumb": "2019070915-2454",
        "orderDate": "2019-07-09 00:00:00",
        "orderState": "입금전",
        "finalBill": 2400,
        "numb": 10,
        "deliveryNumb": null,
        "deliveryState": "미배송"
    },
    {
        "orderNumb": "2019071218-3616",
        "orderDate": "2019-07-12 00:00:00",
        "orderState": "입금전",
        "finalBill": 81000,
        "numb": 11,
        "deliveryNumb": null,
        "deliveryState": "미배송"
    },
    {
        "orderNumb": "2019071218-3804",
        "orderDate": "2019-07-12 00:00:00",
        "orderState": "입금전",
        "finalBill": 33000,
        "numb": 12,
        "deliveryNumb": null,
        "deliveryState": "미배송"
    },
    {
        "orderNumb": "2019071218-4102",
        "orderDate": "2019-07-12 00:00:00",
        "orderState": "입금전",
        "finalBill": 40000,
        "numb": 13,
        "deliveryNumb": null,
        "deliveryState": "미배송"
    },
    {
        "orderNumb": "2019071218-4710",
        "orderDate": "2019-07-12 00:00:00",
        "orderState": "입금전",
        "finalBill": 2700,
        "numb": 14,
        "deliveryNumb": null,
        "deliveryState": "미배송"
    },
    {
        "orderNumb": "2019071218-5822",
        "orderDate": "2019-07-12 00:00:00",
        "orderState": "입금전",
        "finalBill": 9300,
        "numb": 15,
        "deliveryNumb": null,
        "deliveryState": "미배송"
    },
    {
        "orderNumb": "2019071219-0744",
        "orderDate": "2019-07-12 00:00:00",
        "orderState": "입금전",
        "finalBill": 1100,
        "numb": 16,
        "deliveryNumb": null,
        "deliveryState": "미배송"
    },
    {
        "orderNumb": "2019071219-0744",
        "orderDate": "2019-07-12 00:00:00",
        "orderState": "입금전",
        "finalBill": 1100,
        "numb": 17,
        "deliveryNumb": null,
        "deliveryState": "미배송"
    },
    {
        "orderNumb": "2019071219-1058",
        "orderDate": "2019-07-12 00:00:00",
        "orderState": "입금전",
        "finalBill": 4800,
        "numb": 18,
        "deliveryNumb": null,
        "deliveryState": "미배송"
    },
    {
        "orderNumb": "2019091203-3400",
        "orderDate": "2019-09-12 00:00:00",
        "orderState": "입금전",
        "finalBill": 3800,
        "numb": 19,
        "deliveryNumb": null,
        "deliveryState": "미배송"
    }
]
2019-09-17 21:24:29
주문내역-입금전
[
    {
        "orderNumb": "2019070915-2452",
        "orderDate": "2019-07-09 00:00:00",
        "orderState": "입금전",
        "finalBill": 2400,
        "numb": 5,
        "deliveryNumb": null,
        "deliveryState": "미배송"
    },
    {
        "orderNumb": "2019070915-2453",
        "orderDate": "2019-07-09 00:00:00",
        "orderState": "입금전",
        "finalBill": 2400,
        "numb": 6,
        "deliveryNumb": null,
        "deliveryState": "미배송"
    },
    {
        "orderNumb": "2019070915-2454",
        "orderDate": "2019-07-09 00:00:00",
        "orderState": "입금전",
        "finalBill": 2400,
        "numb": 7,
        "deliveryNumb": null,
        "deliveryState": "미배송"
    },
    {
        "orderNumb": "2019070915-2454",
        "orderDate": "2019-07-09 00:00:00",
        "orderState": "입금전",
        "finalBill": 2400,
        "numb": 8,
        "deliveryNumb": null,
        "deliveryState": "미배송"
    },
    {
        "orderNumb": "2019070915-2454",
        "orderDate": "2019-07-09 00:00:00",
        "orderState": "입금전",
        "finalBill": 2400,
        "numb": 9,
        "deliveryNumb": null,
        "deliveryState": "미배송"
    },
    {
        "orderNumb": "2019070915-2454",
        "orderDate": "2019-07-09 00:00:00",
        "orderState": "입금전",
        "finalBill": 2400,
        "numb": 10,
        "deliveryNumb": null,
        "deliveryState": "미배송"
    },
    {
        "orderNumb": "2019071218-3616",
        "orderDate": "2019-07-12 00:00:00",
        "orderState": "입금전",
        "finalBill": 81000,
        "numb": 11,
        "deliveryNumb": null,
        "deliveryState": "미배송"
    },
    {
        "orderNumb": "2019071218-3804",
        "orderDate": "2019-07-12 00:00:00",
        "orderState": "입금전",
        "finalBill": 33000,
        "numb": 12,
        "deliveryNumb": null,
        "deliveryState": "미배송"
    },
    {
        "orderNumb": "2019071218-4102",
        "orderDate": "2019-07-12 00:00:00",
        "orderState": "입금전",
        "finalBill": 40000,
        "numb": 13,
        "deliveryNumb": null,
        "deliveryState": "미배송"
    },
    {
        "orderNumb": "2019071218-4710",
        "orderDate": "2019-07-12 00:00:00",
        "orderState": "입금전",
        "finalBill": 2700,
        "numb": 14,
        "deliveryNumb": null,
        "deliveryState": "미배송"
    },
    {
        "orderNumb": "2019071218-5822",
        "orderDate": "2019-07-12 00:00:00",
        "orderState": "입금전",
        "finalBill": 9300,
        "numb": 15,
        "deliveryNumb": null,
        "deliveryState": "미배송"
    },
    {
        "orderNumb": "2019071219-0744",
        "orderDate": "2019-07-12 00:00:00",
        "orderState": "입금전",
        "finalBill": 1100,
        "numb": 16,
        "deliveryNumb": null,
        "deliveryState": "미배송"
    },
    {
        "orderNumb": "2019071219-0744",
        "orderDate": "2019-07-12 00:00:00",
        "orderState": "입금전",
        "finalBill": 1100,
        "numb": 17,
        "deliveryNumb": null,
        "deliveryState": "미배송"
    },
    {
        "orderNumb": "2019071219-1058",
        "orderDate": "2019-07-12 00:00:00",
        "orderState": "입금전",
        "finalBill": 4800,
        "numb": 18,
        "deliveryNumb": null,
        "deliveryState": "미배송"
    },
    {
        "orderNumb": "2019091203-3400",
        "orderDate": "2019-09-12 00:00:00",
        "orderState": "입금전",
        "finalBill": 3800,
        "numb": 19,
        "deliveryNumb": null,
        "deliveryState": "미배송"
    }
]
2019-09-17 21:25:12
주문내역-전체
[
    {
        "orderNumb": "2019070915-1000",
        "orderDate": "2019-07-09 00:00:00",
        "orderState": "미결제",
        "finalBill": 7200,
        "numb": 1,
        "deliveryNumb": null,
        "deliveryState": "배송완료"
    },
    {
        "orderNumb": "2019070915-2334",
        "orderDate": "2019-07-09 00:00:00",
        "orderState": "미결제",
        "finalBill": 5300,
        "numb": 2,
        "deliveryNumb": null,
        "deliveryState": "배송중"
    },
    {
        "orderNumb": "2019070915-2432",
        "orderDate": "2019-07-09 00:00:00",
        "orderState": "결제완료",
        "finalBill": 5400,
        "numb": 3,
        "deliveryNumb": null,
        "deliveryState": "미배송"
    },
    {
        "orderNumb": "2019070915-2451",
        "orderDate": "2019-07-09 00:00:00",
        "orderState": "미결제",
        "finalBill": 2400,
        "numb": 4,
        "deliveryNumb": null,
        "deliveryState": "미배송"
    },
    {
        "orderNumb": "2019070915-2452",
        "orderDate": "2019-07-09 00:00:00",
        "orderState": "입금전",
        "finalBill": 2400,
        "numb": 5,
        "deliveryNumb": null,
        "deliveryState": "미배송"
    },
    {
        "orderNumb": "2019070915-2453",
        "orderDate": "2019-07-09 00:00:00",
        "orderState": "입금전",
        "finalBill": 2400,
        "numb": 6,
        "deliveryNumb": null,
        "deliveryState": "미배송"
    },
    {
        "orderNumb": "2019070915-2454",
        "orderDate": "2019-07-09 00:00:00",
        "orderState": "입금전",
        "finalBill": 2400,
        "numb": 7,
        "deliveryNumb": null,
        "deliveryState": "미배송"
    },
    {
        "orderNumb": "2019070915-2454",
        "orderDate": "2019-07-09 00:00:00",
        "orderState": "입금전",
        "finalBill": 2400,
        "numb": 8,
        "deliveryNumb": null,
        "deliveryState": "미배송"
    },
    {
        "orderNumb": "2019070915-2454",
        "orderDate": "2019-07-09 00:00:00",
        "orderState": "입금전",
        "finalBill": 2400,
        "numb": 9,
        "deliveryNumb": null,
        "deliveryState": "미배송"
    },
    {
        "orderNumb": "2019070915-2454",
        "orderDate": "2019-07-09 00:00:00",
        "orderState": "입금전",
        "finalBill": 2400,
        "numb": 10,
        "deliveryNumb": null,
        "deliveryState": "미배송"
    },
    {
        "orderNumb": "2019071218-3616",
        "orderDate": "2019-07-12 00:00:00",
        "orderState": "입금전",
        "finalBill": 81000,
        "numb": 11,
        "deliveryNumb": null,
        "deliveryState": "미배송"
    },
    {
        "orderNumb": "2019071218-3804",
        "orderDate": "2019-07-12 00:00:00",
        "orderState": "입금전",
        "finalBill": 33000,
        "numb": 12,
        "deliveryNumb": null,
        "deliveryState": "미배송"
    },
    {
        "orderNumb": "2019071218-4102",
        "orderDate": "2019-07-12 00:00:00",
        "orderState": "입금전",
        "finalBill": 40000,
        "numb": 13,
        "deliveryNumb": null,
        "deliveryState": "미배송"
    },
    {
        "orderNumb": "2019071218-4710",
        "orderDate": "2019-07-12 00:00:00",
        "orderState": "입금전",
        "finalBill": 2700,
        "numb": 14,
        "deliveryNumb": null,
        "deliveryState": "미배송"
    },
    {
        "orderNumb": "2019071218-5822",
        "orderDate": "2019-07-12 00:00:00",
        "orderState": "입금전",
        "finalBill": 9300,
        "numb": 15,
        "deliveryNumb": null,
        "deliveryState": "미배송"
    },
    {
        "orderNumb": "2019071219-0744",
        "orderDate": "2019-07-12 00:00:00",
        "orderState": "입금전",
        "finalBill": 1100,
        "numb": 16,
        "deliveryNumb": null,
        "deliveryState": "미배송"
    },
    {
        "orderNumb": "2019071219-0744",
        "orderDate": "2019-07-12 00:00:00",
        "orderState": "입금전",
        "finalBill": 1100,
        "numb": 17,
        "deliveryNumb": null,
        "deliveryState": "미배송"
    },
    {
        "orderNumb": "2019071219-1058",
        "orderDate": "2019-07-12 00:00:00",
        "orderState": "입금전",
        "finalBill": 4800,
        "numb": 18,
        "deliveryNumb": null,
        "deliveryState": "미배송"
    },
    {
        "orderNumb": "2019091203-3400",
        "orderDate": "2019-09-12 00:00:00",
        "orderState": "입금전",
        "finalBill": 3800,
        "numb": 19,
        "deliveryNumb": null,
        "deliveryState": "미배송"
    }
]
2019-09-17 21:26:08
주문내역-전체
[
    {
        "orderNumb": "2019070915-1000",
        "orderDate": "2019-07-09 00:00:00",
        "orderState": "미결제",
        "finalBill": 7200,
        "numb": 1,
        "deliveryNumb": null,
        "deliveryState": "배송완료"
    },
    {
        "orderNumb": "2019070915-2334",
        "orderDate": "2019-07-09 00:00:00",
        "orderState": "미결제",
        "finalBill": 5300,
        "numb": 2,
        "deliveryNumb": null,
        "deliveryState": "배송중"
    },
    {
        "orderNumb": "2019070915-2432",
        "orderDate": "2019-07-09 00:00:00",
        "orderState": "결제완료",
        "finalBill": 5400,
        "numb": 3,
        "deliveryNumb": null,
        "deliveryState": "미배송"
    },
    {
        "orderNumb": "2019070915-2451",
        "orderDate": "2019-07-09 00:00:00",
        "orderState": "미결제",
        "finalBill": 2400,
        "numb": 4,
        "deliveryNumb": null,
        "deliveryState": "미배송"
    },
    {
        "orderNumb": "2019070915-2452",
        "orderDate": "2019-07-09 00:00:00",
        "orderState": "입금전",
        "finalBill": 2400,
        "numb": 5,
        "deliveryNumb": null,
        "deliveryState": "미배송"
    },
    {
        "orderNumb": "2019070915-2453",
        "orderDate": "2019-07-09 00:00:00",
        "orderState": "입금전",
        "finalBill": 2400,
        "numb": 6,
        "deliveryNumb": null,
        "deliveryState": "미배송"
    },
    {
        "orderNumb": "2019070915-2454",
        "orderDate": "2019-07-09 00:00:00",
        "orderState": "입금전",
        "finalBill": 2400,
        "numb": 7,
        "deliveryNumb": null,
        "deliveryState": "미배송"
    },
    {
        "orderNumb": "2019070915-2454",
        "orderDate": "2019-07-09 00:00:00",
        "orderState": "입금전",
        "finalBill": 2400,
        "numb": 8,
        "deliveryNumb": null,
        "deliveryState": "미배송"
    },
    {
        "orderNumb": "2019070915-2454",
        "orderDate": "2019-07-09 00:00:00",
        "orderState": "입금전",
        "finalBill": 2400,
        "numb": 9,
        "deliveryNumb": null,
        "deliveryState": "미배송"
    },
    {
        "orderNumb": "2019070915-2454",
        "orderDate": "2019-07-09 00:00:00",
        "orderState": "입금전",
        "finalBill": 2400,
        "numb": 10,
        "deliveryNumb": null,
        "deliveryState": "미배송"
    },
    {
        "orderNumb": "2019071218-3616",
        "orderDate": "2019-07-12 00:00:00",
        "orderState": "입금전",
        "finalBill": 81000,
        "numb": 11,
        "deliveryNumb": null,
        "deliveryState": "미배송"
    },
    {
        "orderNumb": "2019071218-3804",
        "orderDate": "2019-07-12 00:00:00",
        "orderState": "입금전",
        "finalBill": 33000,
        "numb": 12,
        "deliveryNumb": null,
        "deliveryState": "미배송"
    },
    {
        "orderNumb": "2019071218-4102",
        "orderDate": "2019-07-12 00:00:00",
        "orderState": "입금전",
        "finalBill": 40000,
        "numb": 13,
        "deliveryNumb": null,
        "deliveryState": "미배송"
    },
    {
        "orderNumb": "2019071218-4710",
        "orderDate": "2019-07-12 00:00:00",
        "orderState": "입금전",
        "finalBill": 2700,
        "numb": 14,
        "deliveryNumb": null,
        "deliveryState": "미배송"
    },
    {
        "orderNumb": "2019071218-5822",
        "orderDate": "2019-07-12 00:00:00",
        "orderState": "입금전",
        "finalBill": 9300,
        "numb": 15,
        "deliveryNumb": null,
        "deliveryState": "미배송"
    },
    {
        "orderNumb": "2019071219-0744",
        "orderDate": "2019-07-12 00:00:00",
        "orderState": "입금전",
        "finalBill": 1100,
        "numb": 16,
        "deliveryNumb": null,
        "deliveryState": "미배송"
    },
    {
        "orderNumb": "2019071219-0744",
        "orderDate": "2019-07-12 00:00:00",
        "orderState": "입금전",
        "finalBill": 1100,
        "numb": 17,
        "deliveryNumb": null,
        "deliveryState": "미배송"
    },
    {
        "orderNumb": "2019071219-1058",
        "orderDate": "2019-07-12 00:00:00",
        "orderState": "입금전",
        "finalBill": 4800,
        "numb": 18,
        "deliveryNumb": null,
        "deliveryState": "미배송"
    },
    {
        "orderNumb": "2019091203-3400",
        "orderDate": "2019-09-12 00:00:00",
        "orderState": "입금전",
        "finalBill": 3800,
        "numb": 19,
        "deliveryNumb": null,
        "deliveryState": "미배송"
    }
]
2019-09-17 21:41:57
주문내역-전체
[
    {
        "orderNumb": "2019070915-1000",
        "orderDate": "2019-07-09 00:00:00",
        "orderState": "미결제",
        "finalBill": 7200,
        "numb": 1,
        "deliveryNumb": null,
        "deliveryState": "배송완료"
    },
    {
        "orderNumb": "2019070915-2334",
        "orderDate": "2019-07-09 00:00:00",
        "orderState": "미결제",
        "finalBill": 5300,
        "numb": 2,
        "deliveryNumb": null,
        "deliveryState": "배송중"
    },
    {
        "orderNumb": "2019070915-2432",
        "orderDate": "2019-07-09 00:00:00",
        "orderState": "결제완료",
        "finalBill": 5400,
        "numb": 3,
        "deliveryNumb": null,
        "deliveryState": "미배송"
    },
    {
        "orderNumb": "2019070915-2451",
        "orderDate": "2019-07-09 00:00:00",
        "orderState": "미결제",
        "finalBill": 2400,
        "numb": 4,
        "deliveryNumb": null,
        "deliveryState": "미배송"
    },
    {
        "orderNumb": "2019070915-2452",
        "orderDate": "2019-07-09 00:00:00",
        "orderState": "입금전",
        "finalBill": 2400,
        "numb": 5,
        "deliveryNumb": null,
        "deliveryState": "미배송"
    },
    {
        "orderNumb": "2019070915-2453",
        "orderDate": "2019-07-09 00:00:00",
        "orderState": "입금전",
        "finalBill": 2400,
        "numb": 6,
        "deliveryNumb": null,
        "deliveryState": "미배송"
    },
    {
        "orderNumb": "2019070915-2454",
        "orderDate": "2019-07-09 00:00:00",
        "orderState": "입금전",
        "finalBill": 2400,
        "numb": 7,
        "deliveryNumb": null,
        "deliveryState": "미배송"
    },
    {
        "orderNumb": "2019070915-2454",
        "orderDate": "2019-07-09 00:00:00",
        "orderState": "입금전",
        "finalBill": 2400,
        "numb": 8,
        "deliveryNumb": null,
        "deliveryState": "미배송"
    },
    {
        "orderNumb": "2019070915-2454",
        "orderDate": "2019-07-09 00:00:00",
        "orderState": "입금전",
        "finalBill": 2400,
        "numb": 9,
        "deliveryNumb": null,
        "deliveryState": "미배송"
    },
    {
        "orderNumb": "2019070915-2454",
        "orderDate": "2019-07-09 00:00:00",
        "orderState": "입금전",
        "finalBill": 2400,
        "numb": 10,
        "deliveryNumb": null,
        "deliveryState": "미배송"
    },
    {
        "orderNumb": "2019071218-3616",
        "orderDate": "2019-07-12 00:00:00",
        "orderState": "입금전",
        "finalBill": 81000,
        "numb": 11,
        "deliveryNumb": null,
        "deliveryState": "미배송"
    },
    {
        "orderNumb": "2019071218-3804",
        "orderDate": "2019-07-12 00:00:00",
        "orderState": "입금전",
        "finalBill": 33000,
        "numb": 12,
        "deliveryNumb": null,
        "deliveryState": "미배송"
    },
    {
        "orderNumb": "2019071218-4102",
        "orderDate": "2019-07-12 00:00:00",
        "orderState": "입금전",
        "finalBill": 40000,
        "numb": 13,
        "deliveryNumb": null,
        "deliveryState": "미배송"
    },
    {
        "orderNumb": "2019071218-4710",
        "orderDate": "2019-07-12 00:00:00",
        "orderState": "입금전",
        "finalBill": 2700,
        "numb": 14,
        "deliveryNumb": null,
        "deliveryState": "미배송"
    },
    {
        "orderNumb": "2019071218-5822",
        "orderDate": "2019-07-12 00:00:00",
        "orderState": "입금전",
        "finalBill": 9300,
        "numb": 15,
        "deliveryNumb": null,
        "deliveryState": "미배송"
    },
    {
        "orderNumb": "2019071219-0744",
        "orderDate": "2019-07-12 00:00:00",
        "orderState": "입금전",
        "finalBill": 1100,
        "numb": 16,
        "deliveryNumb": null,
        "deliveryState": "미배송"
    },
    {
        "orderNumb": "2019071219-0744",
        "orderDate": "2019-07-12 00:00:00",
        "orderState": "입금전",
        "finalBill": 1100,
        "numb": 17,
        "deliveryNumb": null,
        "deliveryState": "미배송"
    },
    {
        "orderNumb": "2019071219-1058",
        "orderDate": "2019-07-12 00:00:00",
        "orderState": "입금전",
        "finalBill": 4800,
        "numb": 18,
        "deliveryNumb": null,
        "deliveryState": "미배송"
    },
    {
        "orderNumb": "2019091203-3400",
        "orderDate": "2019-09-12 00:00:00",
        "orderState": "입금전",
        "finalBill": 3800,
        "numb": 19,
        "deliveryNumb": null,
        "deliveryState": "미배송"
    }
]
2019-10-01 23:54:39
[{"kor_name":"빈티지톡","mall_id":1,"mall_name":"vintagetalk","mall_order":"1","numb":0},{"kor_name":"세컨드","mall_id":3,"mall_name":"xecond","mall_order":"2","numb":0},{"kor_name":"빈티지언니","mall_id":2,"mall_name":"vintagesister","mall_order":"3","numb":0}]
2019-10-01 23:54:39
3
